This file contains any messages produced by compilers while
running configure, to aid debugging if configure makes a mistake.

It was created by GNU Python Runtime Library configure 0.1, which was
generated by GNU Autoconf 2.65.  Invocation command line was

  $ ./configure --with-debug=yes

## --------- ##
## Platform. ##
## --------- ##

hostname = omicron
uname -m = i686
uname -r = 2.6.32-23-generic
uname -s = Linux
uname -v = #37-Ubuntu SMP Fri Jun 11 07:54:58 UTC 2010

/usr/bin/uname -p = unknown
/bin/uname -X     = unknown

/bin/arch              = unknown
/usr/bin/arch -k       = unknown
/usr/convex/getsysinfo = unknown
/usr/bin/hostinfo      = unknown
/bin/machine           = unknown
/usr/bin/oslevel       = unknown
/bin/universe          = unknown

PATH: /home/redbrain/bin
PATH: /usr/local/sbin
PATH: /usr/local/bin
PATH: /usr/sbin
PATH: /usr/bin
PATH: /sbin
PATH: /bin
PATH: /usr/games


## ----------- ##
## Core tests. ##
## ----------- ##

configure:2702: checking whether build environment is sane
configure:2752: result: yes
configure:2759: checking for gawk
configure:2775: found /usr/bin/gawk
configure:2786: result: gawk
configure:2845: checking for gcc
configure:2861: found /usr/local/bin/gcc
configure:2872: result: gcc
configure:3101: checking for C compiler version
configure:3110: gcc --version >&5
gcc (GCC) 4.6.0 20100716 (experimental)
Copyright (C) 2010 Free Software Foundation, Inc.
This is free software; see the source for copying conditions.  There is NO
warranty; not even for MERCHANTABILITY or FITNESS FOR A PARTICULAR PURPOSE.

configure:3121: $? = 0
configure:3110: gcc -v >&5
Using built-in specs.
COLLECT_GCC=gcc
COLLECT_LTO_WRAPPER=/usr/local/libexec/gcc/i686-pc-linux-gnu/4.6.0/lto-wrapper
Target: i686-pc-linux-gnu
Configured with: ../configure --enable-languages=c,c++,python --enable-gold=both --disable-bootstrap
Thread model: posix
gcc version 4.6.0 20100716 (experimental) (GCC) 
configure:3121: $? = 0
configure:3110: gcc -V >&5
gcc: error: unrecognized option '-V'
gcc: fatal error: no input files
compilation terminated.
configure:3121: $? = 1
configure:3110: gcc -qversion >&5
gcc: error: unrecognized option '-qversion'
gcc: fatal error: no input files
compilation terminated.
configure:3121: $? = 1
configure:3141: checking whether the C compiler works
configure:3163: gcc    conftest.c  >&5
write those globals!
lets ouput some code!!!
whoop!
configure:3167: $? = 0
configure:3216: result: yes
configure:3219: checking for C compiler default output file name
configure:3221: result: a.out
configure:3227: checking for suffix of executables
configure:3234: gcc -o conftest    conftest.c  >&5
write those globals!
lets ouput some code!!!
whoop!
configure:3238: $? = 0
configure:3260: result: 
configure:3282: checking whether we are cross compiling
configure:3290: gcc -o conftest    conftest.c  >&5
write those globals!
lets ouput some code!!!
whoop!
configure:3294: $? = 0
configure:3301: ./conftest
configure:3305: $? = 0
configure:3320: result: no
configure:3325: checking for suffix of object files
configure:3347: gcc -c   conftest.c >&5
write those globals!
lets ouput some code!!!
whoop!
configure:3351: $? = 0
configure:3372: result: o
configure:3376: checking whether we are using the GNU C compiler
configure:3395: gcc -c   conftest.c >&5
write those globals!
lets ouput some code!!!
whoop!
configure:3395: $? = 0
configure:3404: result: yes
configure:3413: checking whether gcc accepts -g
configure:3433: gcc -c -g  conftest.c >&5
write those globals!
lets ouput some code!!!
whoop!
configure:3433: $? = 0
configure:3474: result: yes
configure:3491: checking for gcc option to accept ISO C89
configure:3555: gcc  -c -g -O2  conftest.c >&5
write those globals!
lets ouput some code!!!
whoop!
configure:3555: $? = 0
configure:3568: result: none needed
configure:3593: checking how to run the C preprocessor
configure:3624: gcc -E  conftest.c
configure:3624: $? = 0
configure:3638: gcc -E  conftest.c
conftest.c:9:28: fatal error: ac_nonexistent.h: No such file or directory
compilation terminated.
configure:3638: $? = 1
configure: failed program was:
| /* confdefs.h */
| #define PACKAGE_NAME "GNU Python Runtime Library"
| #define PACKAGE_TARNAME "libgpy"
| #define PACKAGE_VERSION "0.1"
| #define PACKAGE_STRING "GNU Python Runtime Library 0.1"
| #define PACKAGE_BUGREPORT ""
| #define PACKAGE_URL "http://www.gnu.org/software/libgpy/"
| /* end confdefs.h.  */
| #include <ac_nonexistent.h>
configure:3663: result: gcc -E
configure:3683: gcc -E  conftest.c
configure:3683: $? = 0
configure:3697: gcc -E  conftest.c
conftest.c:9:28: fatal error: ac_nonexistent.h: No such file or directory
compilation terminated.
configure:3697: $? = 1
configure: failed program was:
| /* confdefs.h */
| #define PACKAGE_NAME "GNU Python Runtime Library"
| #define PACKAGE_TARNAME "libgpy"
| #define PACKAGE_VERSION "0.1"
| #define PACKAGE_STRING "GNU Python Runtime Library 0.1"
| #define PACKAGE_BUGREPORT ""
| #define PACKAGE_URL "http://www.gnu.org/software/libgpy/"
| /* end confdefs.h.  */
| #include <ac_nonexistent.h>
configure:3739: checking for a BSD-compatible install
configure:3807: result: /usr/bin/install -c
configure:3818: checking whether ln -s works
configure:3822: result: yes
configure:3829: checking whether make sets $(MAKE)
configure:3851: result: yes
configure:3903: checking for ranlib
configure:3919: found /usr/local/bin/ranlib
configure:3930: result: ranlib
configure:3956: checking for ar
configure:3972: found /usr/local/bin/ar
configure:3983: result: ar
configure:3995: checking for gcc option to accept ISO C99
configure:4144: gcc  -c -g -O2  conftest.c >&5
write those globals!
seen error returning!
conftest.c:59:29: error: expected ';', ',' or ')' before 'text'
conftest.c: In function 'main':
conftest.c:113:18: error: expected '=', ',', ';', 'asm' or '__attribute__' before 'newvar'
conftest.c:113:18: error: 'newvar' undeclared (first use in this function)
conftest.c:113:18: note: each undeclared identifier is reported only once for each function it appears in
conftest.c:123:3: error: 'for' loop initial declarations are only allowed in C99 mode
conftest.c:123:3: note: use option -std=c99 or -std=gnu99 to compile your code
configure:4144: $? = 1
configure: failed program was:
| /* confdefs.h */
| #define PACKAGE_NAME "GNU Python Runtime Library"
| #define PACKAGE_TARNAME "libgpy"
| #define PACKAGE_VERSION "0.1"
| #define PACKAGE_STRING "GNU Python Runtime Library 0.1"
| #define PACKAGE_BUGREPORT ""
| #define PACKAGE_URL "http://www.gnu.org/software/libgpy/"
| /* end confdefs.h.  */
| #include <stdarg.h>
| #include <stdbool.h>
| #include <stdlib.h>
| #include <wchar.h>
| #include <stdio.h>
| 
| // Check varargs macros.  These examples are taken from C99 6.10.3.5.
| #define debug(...) fprintf (stderr, __VA_ARGS__)
| #define showlist(...) puts (#__VA_ARGS__)
| #define report(test,...) ((test) ? puts (#test) : printf (__VA_ARGS__))
| static void
| test_varargs_macros (void)
| {
|   int x = 1234;
|   int y = 5678;
|   debug ("Flag");
|   debug ("X = %d\n", x);
|   showlist (The first, second, and third items.);
|   report (x>y, "x is %d but y is %d", x, y);
| }
| 
| // Check long long types.
| #define BIG64 18446744073709551615ull
| #define BIG32 4294967295ul
| #define BIG_OK (BIG64 / BIG32 == 4294967297ull && BIG64 % BIG32 == 0)
| #if !BIG_OK
|   your preprocessor is broken;
| #endif
| #if BIG_OK
| #else
|   your preprocessor is broken;
| #endif
| static long long int bignum = -9223372036854775807LL;
| static unsigned long long int ubignum = BIG64;
| 
| struct incomplete_array
| {
|   int datasize;
|   double data[];
| };
| 
| struct named_init {
|   int number;
|   const wchar_t *name;
|   double average;
| };
| 
| typedef const char *ccp;
| 
| static inline int
| test_restrict (ccp restrict text)
| {
|   // See if C++-style comments work.
|   // Iterate through items via the restricted pointer.
|   // Also check for declarations in for loops.
|   for (unsigned int i = 0; *(text+i) != '\0'; ++i)
|     continue;
|   return 0;
| }
| 
| // Check varargs and va_copy.
| static void
| test_varargs (const char *format, ...)
| {
|   va_list args;
|   va_start (args, format);
|   va_list args_copy;
|   va_copy (args_copy, args);
| 
|   const char *str;
|   int number;
|   float fnumber;
| 
|   while (*format)
|     {
|       switch (*format++)
| 	{
| 	case 's': // string
| 	  str = va_arg (args_copy, const char *);
| 	  break;
| 	case 'd': // int
| 	  number = va_arg (args_copy, int);
| 	  break;
| 	case 'f': // float
| 	  fnumber = va_arg (args_copy, double);
| 	  break;
| 	default:
| 	  break;
| 	}
|     }
|   va_end (args_copy);
|   va_end (args);
| }
| 
| int
| main ()
| {
| 
|   // Check bool.
|   _Bool success = false;
| 
|   // Check restrict.
|   if (test_restrict ("String literal") == 0)
|     success = true;
|   char *restrict newvar = "Another string";
| 
|   // Check varargs.
|   test_varargs ("s, d' f .", "string", 65, 34.234);
|   test_varargs_macros ();
| 
|   // Check flexible array members.
|   struct incomplete_array *ia =
|     malloc (sizeof (struct incomplete_array) + (sizeof (double) * 10));
|   ia->datasize = 10;
|   for (int i = 0; i < ia->datasize; ++i)
|     ia->data[i] = i * 1.234;
| 
|   // Check named initializers.
|   struct named_init ni = {
|     .number = 34,
|     .name = L"Test wide string",
|     .average = 543.34343,
|   };
| 
|   ni.number = 58;
| 
|   int dynamic_array[ni.number];
|   dynamic_array[ni.number - 1] = 543;
| 
|   // work around unused variable warnings
|   return (!success || bignum == 0LL || ubignum == 0uLL || newvar[0] == 'x'
| 	  || dynamic_array[ni.number - 1] != 543);
| 
|   ;
|   return 0;
| }
configure:4144: gcc -std=gnu99 -c -g -O2  conftest.c >&5
write those globals!
lets ouput some code!!!
whoop!
configure:4144: $? = 0
configure:4164: result: -std=gnu99
configure:4230: checking for g++
configure:4246: found /usr/local/bin/g++
configure:4257: result: g++
configure:4284: checking for C++ compiler version
configure:4293: g++ --version >&5
g++ (GCC) 4.6.0 20100716 (experimental)
Copyright (C) 2010 Free Software Foundation, Inc.
This is free software; see the source for copying conditions.  There is NO
warranty; not even for MERCHANTABILITY or FITNESS FOR A PARTICULAR PURPOSE.

configure:4304: $? = 0
configure:4293: g++ -v >&5
Using built-in specs.
COLLECT_GCC=g++
COLLECT_LTO_WRAPPER=/usr/local/libexec/gcc/i686-pc-linux-gnu/4.6.0/lto-wrapper
Target: i686-pc-linux-gnu
Configured with: ../configure --enable-languages=c,c++,python --enable-gold=both --disable-bootstrap
Thread model: posix
gcc version 4.6.0 20100716 (experimental) (GCC) 
configure:4304: $? = 0
configure:4293: g++ -V >&5
g++: fatal error: argument to '-V' missing
compilation terminated.
configure:4304: $? = 1
configure:4293: g++ -qversion >&5
g++: error: unrecognized option '-qversion'
g++: fatal error: no input files
compilation terminated.
configure:4304: $? = 1
configure:4308: checking whether we are using the GNU C++ compiler
configure:4327: g++ -c   conftest.cpp >&5
write those globals!
lets ouput some code!!!
whoop!
configure:4327: $? = 0
configure:4336: result: yes
configure:4345: checking whether g++ accepts -g
configure:4365: g++ -c -g  conftest.cpp >&5
write those globals!
lets ouput some code!!!
whoop!
configure:4365: $? = 0
configure:4406: result: yes
configure:4465: checking build system type
configure:4479: result: i686-pc-linux-gnu
configure:4499: checking host system type
configure:4512: result: i686-pc-linux-gnu
configure:4532: checking for a sed that does not truncate output
configure:4596: result: /bin/sed
configure:4614: checking for grep that handles long lines and -e
configure:4672: result: /bin/grep
configure:4677: checking for egrep
configure:4739: result: /bin/grep -E
configure:4744: checking for fgrep
configure:4806: result: /bin/grep -F
configure:4841: checking for ld used by gcc -std=gnu99
configure:4908: result: /usr/local/i686-pc-linux-gnu/bin/ld
configure:4915: checking if the linker (/usr/local/i686-pc-linux-gnu/bin/ld) is GNU ld
configure:4930: result: yes
configure:4942: checking for BSD- or MS-compatible name lister (nm)
configure:4991: result: /usr/local/bin/nm -B
configure:5109: checking the name lister (/usr/local/bin/nm -B) interface
configure:5116: gcc -std=gnu99 -c -g -O2  conftest.c >&5
write those globals!
lets ouput some code!!!
whoop!
configure:5119: /usr/local/bin/nm -B "conftest.o"
configure:5122: output
00000000 B some_variable
configure:5129: result: BSD nm
configure:5133: checking the maximum length of command line arguments
configure:5253: result: 1572864
configure:5270: checking whether the shell understands some XSI constructs
configure:5280: result: yes
configure:5284: checking whether the shell understands "+="
configure:5290: result: yes
configure:5325: checking for /usr/local/i686-pc-linux-gnu/bin/ld option to reload object files
configure:5332: result: -r
configure:5401: checking for objdump
configure:5417: found /usr/local/bin/objdump
configure:5428: result: objdump
configure:5460: checking how to recognize dependent libraries
configure:5656: result: pass_all
configure:5821: checking for strip
configure:5837: found /usr/local/bin/strip
configure:5848: result: strip
configure:5920: checking for ranlib
configure:5947: result: ranlib
configure:6037: checking command to parse /usr/local/bin/nm -B output from gcc -std=gnu99 object
configure:6155: gcc -std=gnu99 -c -g -O2  conftest.c >&5
write those globals!
lets ouput some code!!!
whoop!
configure:6158: $? = 0
configure:6162: /usr/local/bin/nm -B conftest.o \| sed -n -e 's/^.*[	 ]\([ABCDGIRSTW][ABCDGIRSTW]*\)[	 ][	 ]*\([_A-Za-z][_A-Za-z0-9]*\)$/\1 \2 \2/p' \> conftest.nm
configure:6165: $? = 0
configure:6219: gcc -std=gnu99 -o conftest -g -O2   conftest.c conftstm.o >&5
write those globals!
lets ouput some code!!!
whoop!
configure:6222: $? = 0
configure:6260: result: ok
configure:7065: checking for ANSI C header files
configure:7085: gcc -std=gnu99 -c -g -O2  conftest.c >&5
write those globals!
lets ouput some code!!!
whoop!
configure:7085: $? = 0
configure:7158: gcc -std=gnu99 -o conftest -g -O2   conftest.c  >&5
write those globals!
lets ouput some code!!!
whoop!
configure:7158: $? = 0
configure:7158: ./conftest
configure:7158: $? = 0
configure:7169: result: yes
configure:7182: checking for sys/types.h
configure:7182: gcc -std=gnu99 -c -g -O2  conftest.c >&5
write those globals!
lets ouput some code!!!
whoop!
configure:7182: $? = 0
configure:7182: result: yes
configure:7182: checking for sys/stat.h
configure:7182: gcc -std=gnu99 -c -g -O2  conftest.c >&5
write those globals!
lets ouput some code!!!
whoop!
configure:7182: $? = 0
configure:7182: result: yes
configure:7182: checking for stdlib.h
configure:7182: gcc -std=gnu99 -c -g -O2  conftest.c >&5
write those globals!
lets ouput some code!!!
whoop!
configure:7182: $? = 0
configure:7182: result: yes
configure:7182: checking for string.h
configure:7182: gcc -std=gnu99 -c -g -O2  conftest.c >&5
write those globals!
lets ouput some code!!!
whoop!
configure:7182: $? = 0
configure:7182: result: yes
configure:7182: checking for memory.h
configure:7182: gcc -std=gnu99 -c -g -O2  conftest.c >&5
write those globals!
lets ouput some code!!!
whoop!
configure:7182: $? = 0
configure:7182: result: yes
configure:7182: checking for strings.h
configure:7182: gcc -std=gnu99 -c -g -O2  conftest.c >&5
write those globals!
lets ouput some code!!!
whoop!
configure:7182: $? = 0
configure:7182: result: yes
configure:7182: checking for inttypes.h
configure:7182: gcc -std=gnu99 -c -g -O2  conftest.c >&5
write those globals!
lets ouput some code!!!
whoop!
configure:7182: $? = 0
configure:7182: result: yes
configure:7182: checking for stdint.h
configure:7182: gcc -std=gnu99 -c -g -O2  conftest.c >&5
write those globals!
lets ouput some code!!!
whoop!
configure:7182: $? = 0
configure:7182: result: yes
configure:7182: checking for unistd.h
configure:7182: gcc -std=gnu99 -c -g -O2  conftest.c >&5
write those globals!
lets ouput some code!!!
whoop!
configure:7182: $? = 0
configure:7182: result: yes
configure:7197: checking for dlfcn.h
configure:7197: gcc -std=gnu99 -c -g -O2  conftest.c >&5
write those globals!
lets ouput some code!!!
whoop!
configure:7197: $? = 0
configure:7197: result: yes
configure:7322: checking for C++ compiler version
configure:7331: g++ --version >&5
g++ (GCC) 4.6.0 20100716 (experimental)
Copyright (C) 2010 Free Software Foundation, Inc.
This is free software; see the source for copying conditions.  There is NO
warranty; not even for MERCHANTABILITY or FITNESS FOR A PARTICULAR PURPOSE.

configure:7342: $? = 0
configure:7331: g++ -v >&5
Using built-in specs.
COLLECT_GCC=g++
COLLECT_LTO_WRAPPER=/usr/local/libexec/gcc/i686-pc-linux-gnu/4.6.0/lto-wrapper
Target: i686-pc-linux-gnu
Configured with: ../configure --enable-languages=c,c++,python --enable-gold=both --disable-bootstrap
Thread model: posix
gcc version 4.6.0 20100716 (experimental) (GCC) 
configure:7342: $? = 0
configure:7331: g++ -V >&5
g++: fatal error: argument to '-V' missing
compilation terminated.
configure:7342: $? = 1
configure:7331: g++ -qversion >&5
g++: error: unrecognized option '-qversion'
g++: fatal error: no input files
compilation terminated.
configure:7342: $? = 1
configure:7346: checking whether we are using the GNU C++ compiler
configure:7374: result: yes
configure:7383: checking whether g++ accepts -g
configure:7444: result: yes
configure:7475: checking how to run the C++ preprocessor
configure:7502: g++ -E  conftest.cpp
configure:7502: $? = 0
configure:7516: g++ -E  conftest.cpp
conftest.cpp:20:28: fatal error: ac_nonexistent.h: No such file or directory
compilation terminated.
configure:7516: $? = 1
configure: failed program was:
| /* confdefs.h */
| #define PACKAGE_NAME "GNU Python Runtime Library"
| #define PACKAGE_TARNAME "libgpy"
| #define PACKAGE_VERSION "0.1"
| #define PACKAGE_STRING "GNU Python Runtime Library 0.1"
| #define PACKAGE_BUGREPORT ""
| #define PACKAGE_URL "http://www.gnu.org/software/libgpy/"
| #define STDC_HEADERS 1
| #define HAVE_SYS_TYPES_H 1
| #define HAVE_SYS_STAT_H 1
| #define HAVE_STDLIB_H 1
| #define HAVE_STRING_H 1
| #define HAVE_MEMORY_H 1
| #define HAVE_STRINGS_H 1
| #define HAVE_INTTYPES_H 1
| #define HAVE_STDINT_H 1
| #define HAVE_UNISTD_H 1
| #define HAVE_DLFCN_H 1
| /* end confdefs.h.  */
| #include <ac_nonexistent.h>
configure:7541: result: g++ -E
configure:7561: g++ -E  conftest.cpp
configure:7561: $? = 0
configure:7575: g++ -E  conftest.cpp
conftest.cpp:20:28: fatal error: ac_nonexistent.h: No such file or directory
compilation terminated.
configure:7575: $? = 1
configure: failed program was:
| /* confdefs.h */
| #define PACKAGE_NAME "GNU Python Runtime Library"
| #define PACKAGE_TARNAME "libgpy"
| #define PACKAGE_VERSION "0.1"
| #define PACKAGE_STRING "GNU Python Runtime Library 0.1"
| #define PACKAGE_BUGREPORT ""
| #define PACKAGE_URL "http://www.gnu.org/software/libgpy/"
| #define STDC_HEADERS 1
| #define HAVE_SYS_TYPES_H 1
| #define HAVE_SYS_STAT_H 1
| #define HAVE_STDLIB_H 1
| #define HAVE_STRING_H 1
| #define HAVE_MEMORY_H 1
| #define HAVE_STRINGS_H 1
| #define HAVE_INTTYPES_H 1
| #define HAVE_STDINT_H 1
| #define HAVE_UNISTD_H 1
| #define HAVE_DLFCN_H 1
| /* end confdefs.h.  */
| #include <ac_nonexistent.h>
configure:7779: checking for objdir
configure:7794: result: .libs
write those globals!
lets ouput some code!!!
whoop!
write those globals!
lets ouput some code!!!
whoop!
configure:8090: checking if gcc -std=gnu99 supports -fno-rtti -fno-exceptions
configure:8108: gcc -std=gnu99 -c -g -O2  -fno-rtti -fno-exceptions conftest.c >&5
write those globals!
lets ouput some code!!!
whoop!
cc1: warning: command line option "-fno-rtti" is valid for C++/ObjC++ but not for C [enabled by default]
configure:8112: $? = 0
configure:8125: result: no
configure:8145: checking for gcc -std=gnu99 option to produce PIC
configure:8417: result: -fPIC -DPIC
configure:8429: checking if gcc -std=gnu99 PIC flag -fPIC -DPIC works
configure:8447: gcc -std=gnu99 -c -g -O2  -fPIC -DPIC -DPIC conftest.c >&5
write those globals!
lets ouput some code!!!
whoop!
configure:8451: $? = 0
configure:8464: result: yes
configure:8488: checking if gcc -std=gnu99 static flag -static works
write those globals!
lets ouput some code!!!
whoop!
configure:8516: result: yes
configure:8531: checking if gcc -std=gnu99 supports -c -o file.o
configure:8552: gcc -std=gnu99 -c -g -O2  -o out/conftest2.o conftest.c >&5
write those globals!
lets ouput some code!!!
whoop!
configure:8556: $? = 0
configure:8578: result: yes
configure:8586: checking if gcc -std=gnu99 supports -c -o file.o
configure:8633: result: yes
configure:8666: checking whether the gcc -std=gnu99 linker (/usr/local/i686-pc-linux-gnu/bin/ld) supports shared libraries
configure:9657: result: yes
configure:9694: checking whether -lc should be explicitly linked in
configure:9699: gcc -std=gnu99 -c -g -O2  conftest.c >&5
write those globals!
lets ouput some code!!!
whoop!
configure:9702: $? = 0
configure:9717: gcc -std=gnu99 -shared conftest.o  -v -Wl,-soname -Wl,conftest -o conftest 2\>\&1 \| /bin/grep  -lc  \>/dev/null 2\>\&1
configure:9720: $? = 0
configure:9732: result: no
configure:9896: checking dynamic linker characteristics
configure:10329: gcc -std=gnu99 -o conftest -g -O2   -Wl,-rpath -Wl,/foo conftest.c  >&5
write those globals!
lets ouput some code!!!
whoop!
configure:10329: $? = 0
configure:10559: result: GNU/Linux ld.so
configure:10661: checking how to hardcode library paths into programs
configure:10686: result: immediate
configure:10780: checking for shl_load
configure:10780: gcc -std=gnu99 -o conftest -g -O2   conftest.c  >&5
write those globals!
lets ouput some code!!!
whoop!
/usr/local/lib/gcc/i686-pc-linux-gnu/4.6.0/../../../../i686-pc-linux-gnu/bin/ld: /tmp/ccsueFsh.o: in function main:conftest.c:55: error: undefined reference to 'shl_load'
collect2: ld returned 1 exit status
configure:10780: $? = 1
configure: failed program was:
| /* confdefs.h */
| #define PACKAGE_NAME "GNU Python Runtime Library"
| #define PACKAGE_TARNAME "libgpy"
| #define PACKAGE_VERSION "0.1"
| #define PACKAGE_STRING "GNU Python Runtime Library 0.1"
| #define PACKAGE_BUGREPORT ""
| #define PACKAGE_URL "http://www.gnu.org/software/libgpy/"
| #define STDC_HEADERS 1
| #define HAVE_SYS_TYPES_H 1
| #define HAVE_SYS_STAT_H 1
| #define HAVE_STDLIB_H 1
| #define HAVE_STRING_H 1
| #define HAVE_MEMORY_H 1
| #define HAVE_STRINGS_H 1
| #define HAVE_INTTYPES_H 1
| #define HAVE_STDINT_H 1
| #define HAVE_UNISTD_H 1
| #define HAVE_DLFCN_H 1
| #define LT_OBJDIR ".libs/"
| /* end confdefs.h.  */
| /* Define shl_load to an innocuous variant, in case <limits.h> declares shl_load.
|    For example, HP-UX 11i <limits.h> declares gettimeofday.  */
| #define shl_load innocuous_shl_load
| 
| /* System header to define __stub macros and hopefully few prototypes,
|     which can conflict with char shl_load (); below.
|     Prefer <limits.h> to <assert.h> if __STDC__ is defined, since
|     <limits.h> exists even on freestanding compilers.  */
| 
| #ifdef __STDC__
| # include <limits.h>
| #else
| # include <assert.h>
| #endif
| 
| #undef shl_load
| 
| /* Override any GCC internal prototype to avoid an error.
|    Use char because int might match the return type of a GCC
|    builtin and then its argument prototype would still apply.  */
| #ifdef __cplusplus
| extern "C"
| #endif
| char shl_load ();
| /* The GNU C library defines this for functions which it implements
|     to always fail with ENOSYS.  Some functions are actually named
|     something starting with __ and the normal name is an alias.  */
| #if defined __stub_shl_load || defined __stub___shl_load
| choke me
| #endif
| 
| int
| main ()
| {
| return shl_load ();
|   ;
|   return 0;
| }
configure:10780: result: no
configure:10784: checking for shl_load in -ldld
configure:10809: gcc -std=gnu99 -o conftest -g -O2   conftest.c -ldld   >&5
write those globals!
lets ouput some code!!!
whoop!
/usr/local/lib/gcc/i686-pc-linux-gnu/4.6.0/../../../../i686-pc-linux-gnu/bin/ld: error: cannot find -ldld
/usr/local/lib/gcc/i686-pc-linux-gnu/4.6.0/../../../../i686-pc-linux-gnu/bin/ld: /tmp/ccXJVrFi.o: in function main:conftest.c:32: error: undefined reference to 'shl_load'
collect2: ld returned 1 exit status
configure:10809: $? = 1
configure: failed program was:
| /* confdefs.h */
| #define PACKAGE_NAME "GNU Python Runtime Library"
| #define PACKAGE_TARNAME "libgpy"
| #define PACKAGE_VERSION "0.1"
| #define PACKAGE_STRING "GNU Python Runtime Library 0.1"
| #define PACKAGE_BUGREPORT ""
| #define PACKAGE_URL "http://www.gnu.org/software/libgpy/"
| #define STDC_HEADERS 1
| #define HAVE_SYS_TYPES_H 1
| #define HAVE_SYS_STAT_H 1
| #define HAVE_STDLIB_H 1
| #define HAVE_STRING_H 1
| #define HAVE_MEMORY_H 1
| #define HAVE_STRINGS_H 1
| #define HAVE_INTTYPES_H 1
| #define HAVE_STDINT_H 1
| #define HAVE_UNISTD_H 1
| #define HAVE_DLFCN_H 1
| #define LT_OBJDIR ".libs/"
| /* end confdefs.h.  */
| 
| /* Override any GCC internal prototype to avoid an error.
|    Use char because int might match the return type of a GCC
|    builtin and then its argument prototype would still apply.  */
| #ifdef __cplusplus
| extern "C"
| #endif
| char shl_load ();
| int
| main ()
| {
| return shl_load ();
|   ;
|   return 0;
| }
configure:10818: result: no
configure:10823: checking for dlopen
configure:10823: gcc -std=gnu99 -o conftest -g -O2   conftest.c  >&5
write those globals!
lets ouput some code!!!
whoop!
/usr/local/lib/gcc/i686-pc-linux-gnu/4.6.0/../../../../i686-pc-linux-gnu/bin/ld: /tmp/ccTdCqbo.o: in function main:conftest.c:55: error: undefined reference to 'dlopen'
collect2: ld returned 1 exit status
configure:10823: $? = 1
configure: failed program was:
| /* confdefs.h */
| #define PACKAGE_NAME "GNU Python Runtime Library"
| #define PACKAGE_TARNAME "libgpy"
| #define PACKAGE_VERSION "0.1"
| #define PACKAGE_STRING "GNU Python Runtime Library 0.1"
| #define PACKAGE_BUGREPORT ""
| #define PACKAGE_URL "http://www.gnu.org/software/libgpy/"
| #define STDC_HEADERS 1
| #define HAVE_SYS_TYPES_H 1
| #define HAVE_SYS_STAT_H 1
| #define HAVE_STDLIB_H 1
| #define HAVE_STRING_H 1
| #define HAVE_MEMORY_H 1
| #define HAVE_STRINGS_H 1
| #define HAVE_INTTYPES_H 1
| #define HAVE_STDINT_H 1
| #define HAVE_UNISTD_H 1
| #define HAVE_DLFCN_H 1
| #define LT_OBJDIR ".libs/"
| /* end confdefs.h.  */
| /* Define dlopen to an innocuous variant, in case <limits.h> declares dlopen.
|    For example, HP-UX 11i <limits.h> declares gettimeofday.  */
| #define dlopen innocuous_dlopen
| 
| /* System header to define __stub macros and hopefully few prototypes,
|     which can conflict with char dlopen (); below.
|     Prefer <limits.h> to <assert.h> if __STDC__ is defined, since
|     <limits.h> exists even on freestanding compilers.  */
| 
| #ifdef __STDC__
| # include <limits.h>
| #else
| # include <assert.h>
| #endif
| 
| #undef dlopen
| 
| /* Override any GCC internal prototype to avoid an error.
|    Use char because int might match the return type of a GCC
|    builtin and then its argument prototype would still apply.  */
| #ifdef __cplusplus
| extern "C"
| #endif
| char dlopen ();
| /* The GNU C library defines this for functions which it implements
|     to always fail with ENOSYS.  Some functions are actually named
|     something starting with __ and the normal name is an alias.  */
| #if defined __stub_dlopen || defined __stub___dlopen
| choke me
| #endif
| 
| int
| main ()
| {
| return dlopen ();
|   ;
|   return 0;
| }
configure:10823: result: no
configure:10827: checking for dlopen in -ldl
configure:10852: gcc -std=gnu99 -o conftest -g -O2   conftest.c -ldl   >&5
write those globals!
lets ouput some code!!!
whoop!
configure:10852: $? = 0
configure:10861: result: yes
configure:10980: checking whether a program can dlopen itself
configure:11050: gcc -std=gnu99 -o conftest -g -O2  -DHAVE_DLFCN_H  -Wl,--export-dynamic conftest.c -ldl  >&5
write those globals!
lets ouput some code!!!
whoop!
configure:11053: $? = 0
configure:11071: result: yes
configure:11076: checking whether a statically linked program can dlopen itself
configure:11146: gcc -std=gnu99 -o conftest -g -O2  -DHAVE_DLFCN_H  -Wl,--export-dynamic -static conftest.c -ldl  >&5
write those globals!
lets ouput some code!!!
whoop!
/usr/local/lib/gcc/i686-pc-linux-gnu/4.6.0/../../../../i686-pc-linux-gnu/bin/ld: /tmp/ccrq8ihv.o: in function main:configure:11130: warning: Using 'dlopen' in statically linked applications requires at runtime the shared libraries from the glibc version used for linking
configure:11149: $? = 0
/lib/: cannot read file data: Is a directory
configure:11167: result: no
configure:11206: checking whether stripping libraries is possible
configure:11211: result: yes
configure:11246: checking if libtool supports shared libraries
configure:11248: result: yes
configure:11251: checking whether to build shared libraries
configure:11272: result: yes
configure:11275: checking whether to build static libraries
configure:11279: result: yes
write those globals!
lets ouput some code!!!
whoop!
write those globals!
lets ouput some code!!!
whoop!
configure:11429: checking for ld used by g++
configure:11496: result: /usr/local/i686-pc-linux-gnu/bin/ld
configure:11503: checking if the linker (/usr/local/i686-pc-linux-gnu/bin/ld) is GNU ld
configure:11518: result: yes
configure:11573: checking whether the g++ linker (/usr/local/i686-pc-linux-gnu/bin/ld) supports shared libraries
configure:12486: result: yes
configure:12514: g++ -c -g -O2  conftest.cpp >&5
write those globals!
lets ouput some code!!!
whoop!
configure:12517: $? = 0
configure:12699: checking for g++ option to produce PIC
configure:13016: result: -fPIC -DPIC
configure:13025: checking if g++ PIC flag -fPIC -DPIC works
configure:13043: g++ -c -g -O2  -fPIC -DPIC -DPIC conftest.cpp >&5
write those globals!
lets ouput some code!!!
whoop!
configure:13047: $? = 0
configure:13060: result: yes
configure:13081: checking if g++ static flag -static works
write those globals!
lets ouput some code!!!
whoop!
configure:13109: result: yes
configure:13121: checking if g++ supports -c -o file.o
configure:13142: g++ -c -g -O2  -o out/conftest2.o conftest.cpp >&5
write those globals!
lets ouput some code!!!
whoop!
configure:13146: $? = 0
configure:13168: result: yes
configure:13173: checking if g++ supports -c -o file.o
configure:13220: result: yes
configure:13250: checking whether the g++ linker (/usr/local/i686-pc-linux-gnu/bin/ld) supports shared libraries
configure:13279: result: yes
configure:13416: checking dynamic linker characteristics
configure:13797: g++ -o conftest -g -O2   -Wl,-rpath -Wl,/foo conftest.cpp  >&5
write those globals!
lets ouput some code!!!
whoop!
configure:13797: $? = 0
configure:14027: result: GNU/Linux ld.so
configure:14078: checking how to hardcode library paths into programs
configure:14103: result: immediate
configure:14164: checking whether gcc -std=gnu99 and cc understand -c and -o together
configure:14195: gcc -std=gnu99 -c conftest.c -o conftest2.o >&5
write those globals!
lets ouput some code!!!
whoop!
configure:14199: $? = 0
configure:14205: gcc -std=gnu99 -c conftest.c -o conftest2.o >&5
write those globals!
lets ouput some code!!!
whoop!
configure:14209: $? = 0
configure:14220: cc -c conftest.c >&5
configure:14224: $? = 0
configure:14232: cc -c conftest.c -o conftest2.o >&5
configure:14236: $? = 0
configure:14242: cc -c conftest.c -o conftest2.o >&5
configure:14246: $? = 0
configure:14264: result: yes
configure:14293: checking whether byte ordering is bigendian
configure:14308: gcc -std=gnu99 -c -g -O2  conftest.c >&5
write those globals!
seen error returning!
conftest.c:22:13: error: expected '=', ',', ';', 'asm' or '__attribute__' before 'a'
configure:14308: $? = 1
configure: failed program was:
| /* confdefs.h */
| #define PACKAGE_NAME "GNU Python Runtime Library"
| #define PACKAGE_TARNAME "libgpy"
| #define PACKAGE_VERSION "0.1"
| #define PACKAGE_STRING "GNU Python Runtime Library 0.1"
| #define PACKAGE_BUGREPORT ""
| #define PACKAGE_URL "http://www.gnu.org/software/libgpy/"
| #define STDC_HEADERS 1
| #define HAVE_SYS_TYPES_H 1
| #define HAVE_SYS_STAT_H 1
| #define HAVE_STDLIB_H 1
| #define HAVE_STRING_H 1
| #define HAVE_MEMORY_H 1
| #define HAVE_STRINGS_H 1
| #define HAVE_INTTYPES_H 1
| #define HAVE_STDINT_H 1
| #define HAVE_UNISTD_H 1
| #define HAVE_DLFCN_H 1
| #define LT_OBJDIR ".libs/"
| /* end confdefs.h.  */
| #ifndef __APPLE_CC__
| 	       not a universal capable compiler
| 	     #endif
| 	     typedef int dummy;
| 
configure:14353: gcc -std=gnu99 -c -g -O2  conftest.c >&5
write those globals!
lets ouput some code!!!
whoop!
configure:14353: $? = 0
configure:14371: gcc -std=gnu99 -c -g -O2  conftest.c >&5
write those globals!
seen error returning!
conftest.c: In function 'main':
conftest.c:28:4: error: 'not' undeclared (first use in this function)
conftest.c:28:4: note: each undeclared identifier is reported only once for each function it appears in
conftest.c:28:8: error: expected ';' before 'big'
configure:14371: $? = 1
configure: failed program was:
| /* confdefs.h */
| #define PACKAGE_NAME "GNU Python Runtime Library"
| #define PACKAGE_TARNAME "libgpy"
| #define PACKAGE_VERSION "0.1"
| #define PACKAGE_STRING "GNU Python Runtime Library 0.1"
| #define PACKAGE_BUGREPORT ""
| #define PACKAGE_URL "http://www.gnu.org/software/libgpy/"
| #define STDC_HEADERS 1
| #define HAVE_SYS_TYPES_H 1
| #define HAVE_SYS_STAT_H 1
| #define HAVE_STDLIB_H 1
| #define HAVE_STRING_H 1
| #define HAVE_MEMORY_H 1
| #define HAVE_STRINGS_H 1
| #define HAVE_INTTYPES_H 1
| #define HAVE_STDINT_H 1
| #define HAVE_UNISTD_H 1
| #define HAVE_DLFCN_H 1
| #define LT_OBJDIR ".libs/"
| /* end confdefs.h.  */
| #include <sys/types.h>
| 		#include <sys/param.h>
| 
| int
| main ()
| {
| #if BYTE_ORDER != BIG_ENDIAN
| 		 not big endian
| 		#endif
| 
|   ;
|   return 0;
| }
configure:14499: result: no
configure:14517: checking for inline
configure:14533: gcc -std=gnu99 -c -g -O2  conftest.c >&5
write those globals!
lets ouput some code!!!
whoop!
configure:14533: $? = 0
configure:14541: result: inline
configure:14559: checking for working volatile
configure:14578: gcc -std=gnu99 -c -g -O2  conftest.c >&5
write those globals!
lets ouput some code!!!
whoop!
configure:14578: $? = 0
configure:14585: result: yes
configure:14615: checking for pow in -lm
configure:14640: gcc -std=gnu99 -o conftest -g -O2 -g -O2 -D_DEBUG -ggdb3 -pedantic -Wall -Wextra -fstrict-aliasing   conftest.c -lm   >&5
write those globals!
lets ouput some code!!!
whoop!
conftest.c:29:6: warning: conflicting types for built-in function 'pow' [enabled by default]
configure:14640: $? = 0
configure:14649: result: yes
configure:14664: checking for __gmpz_init in -lgmp
configure:14689: gcc -std=gnu99 -o conftest -g -O2 -g -O2 -D_DEBUG -ggdb3 -pedantic -Wall -Wextra -fstrict-aliasing   conftest.c -lgmp  -lm  >&5
write those globals!
lets ouput some code!!!
whoop!
configure:14689: $? = 0
configure:14698: result: yes
configure:14711: checking for mpfr_init  in -lmpfr
configure:14736: gcc -std=gnu99 -o conftest -g -O2 -g -O2 -D_DEBUG -ggdb3 -pedantic -Wall -Wextra -fstrict-aliasing   conftest.c -lmpfr  -lgmp -lm  >&5
write those globals!
lets ouput some code!!!
whoop!
configure:14736: $? = 0
configure:14745: result: yes
configure:14762: checking size of mp_limb_t
configure:14767: gcc -std=gnu99 -o conftest -g -O2 -g -O2 -D_DEBUG -ggdb3 -pedantic -Wall -Wextra -fstrict-aliasing   conftest.c -lmpfr -lgmp -lm  >&5
write those globals!
lets ouput some code!!!
whoop!
configure:14767: $? = 0
configure:14767: ./conftest
configure:14767: $? = 0
configure:14783: result: 4
configure:14802: checking for dlopen
configure:14802: result: no
configure:14817: checking for simple visibility declarations
configure:14839: gcc -std=gnu99 -c -g -O2 -g -O2 -D_DEBUG -ggdb3 -pedantic -Wall -Wextra -fstrict-aliasing -fvisibility=hidden  conftest.c >&5
write those globals!
lets ouput some code!!!
whoop!
configure:14839: $? = 0
configure:14848: result: yes
configure:14869: checking for mv
configure:14887: found /bin/mv
configure:14900: result: /bin/mv
configure:14910: checking for rm
configure:14928: found /bin/rm
configure:14941: result: /bin/rm
configure:14951: checking for cp
configure:14969: found /bin/cp
configure:14982: result: /bin/cp
configure:14992: checking for sed
configure:15023: result: /bin/sed
configure:15033: checking for cmp
configure:15051: found /usr/bin/cmp
configure:15064: result: /usr/bin/cmp
configure:15074: checking for chmod
configure:15092: found /bin/chmod
configure:15105: result: /bin/chmod
configure:15115: checking for hostname
configure:15133: found /bin/hostname
configure:15146: result: /bin/hostname
configure:15293: checking for a thread-safe mkdir -p
configure:15332: result: /bin/mkdir -p
configure:15362: checking for style of include used by make
configure:15390: result: GNU
configure:15475: checking dependency style of gcc -std=gnu99
configure:15585: result: gcc3
configure:15602: checking dependency style of g++
configure:15712: result: gcc3
configure:15733: checking size of long
configure:15738: gcc -std=gnu99 -o conftest -g -O2 -g -O2 -D_DEBUG -ggdb3 -pedantic -Wall -Wextra -fstrict-aliasing   conftest.c -lmpfr -lgmp -lm  >&5
write those globals!
lets ouput some code!!!
whoop!
configure:15738: $? = 0
configure:15738: ./conftest
configure:15738: $? = 0
configure:15753: result: 4
configure:15767: checking size of char
configure:15772: gcc -std=gnu99 -o conftest -g -O2 -g -O2 -D_DEBUG -ggdb3 -pedantic -Wall -Wextra -fstrict-aliasing   conftest.c -lmpfr -lgmp -lm  >&5
write those globals!
lets ouput some code!!!
whoop!
configure:15772: $? = 0
configure:15772: ./conftest
configure:15772: $? = 0
configure:15787: result: 1
configure:15801: checking size of int
configure:15806: gcc -std=gnu99 -o conftest -g -O2 -g -O2 -D_DEBUG -ggdb3 -pedantic -Wall -Wextra -fstrict-aliasing   conftest.c -lmpfr -lgmp -lm  >&5
write those globals!
lets ouput some code!!!
whoop!
configure:15806: $? = 0
configure:15806: ./conftest
configure:15806: $? = 0
configure:15821: result: 4
configure:15835: checking size of void*
configure:15840: gcc -std=gnu99 -o conftest -g -O2 -g -O2 -D_DEBUG -ggdb3 -pedantic -Wall -Wextra -fstrict-aliasing   conftest.c -lmpfr -lgmp -lm  >&5
write those globals!
lets ouput some code!!!
whoop!
configure:15840: $? = 0
configure:15840: ./conftest
configure:15840: $? = 0
configure:15855: result: 4
configure:15869: checking size of short
configure:15874: gcc -std=gnu99 -o conftest -g -O2 -g -O2 -D_DEBUG -ggdb3 -pedantic -Wall -Wextra -fstrict-aliasing   conftest.c -lmpfr -lgmp -lm  >&5
write those globals!
lets ouput some code!!!
whoop!
configure:15874: $? = 0
configure:15874: ./conftest
configure:15874: $? = 0
configure:15889: result: 2
configure:15903: checking size of double
configure:15908: gcc -std=gnu99 -o conftest -g -O2 -g -O2 -D_DEBUG -ggdb3 -pedantic -Wall -Wextra -fstrict-aliasing   conftest.c -lmpfr -lgmp -lm  >&5
write those globals!
lets ouput some code!!!
whoop!
configure:15908: $? = 0
configure:15908: ./conftest
configure:15908: $? = 0
configure:15923: result: 8
configure:15937: checking size of float
configure:15942: gcc -std=gnu99 -o conftest -g -O2 -g -O2 -D_DEBUG -ggdb3 -pedantic -Wall -Wextra -fstrict-aliasing   conftest.c -lmpfr -lgmp -lm  >&5
write those globals!
lets ouput some code!!!
whoop!
configure:15942: $? = 0
configure:15942: ./conftest
configure:15942: $? = 0
configure:15957: result: 4
configure:15971: checking size of size_t
configure:15976: gcc -std=gnu99 -o conftest -g -O2 -g -O2 -D_DEBUG -ggdb3 -pedantic -Wall -Wextra -fstrict-aliasing   conftest.c -lmpfr -lgmp -lm  >&5
write those globals!
lets ouput some code!!!
whoop!
configure:15976: $? = 0
configure:15976: ./conftest
configure:15976: $? = 0
configure:15991: result: 4
configure:16005: checking size of long int
configure:16010: gcc -std=gnu99 -o conftest -g -O2 -g -O2 -D_DEBUG -ggdb3 -pedantic -Wall -Wextra -fstrict-aliasing   conftest.c -lmpfr -lgmp -lm  >&5
write those globals!
lets ouput some code!!!
whoop!
configure:16010: $? = 0
configure:16010: ./conftest
configure:16010: $? = 0
configure:16025: result: 4
configure:16039: checking size of long long
configure:16044: gcc -std=gnu99 -o conftest -g -O2 -g -O2 -D_DEBUG -ggdb3 -pedantic -Wall -Wextra -fstrict-aliasing   conftest.c -lmpfr -lgmp -lm  >&5
write those globals!
lets ouput some code!!!
whoop!
configure:16044: $? = 0
configure:16044: ./conftest
configure:16044: $? = 0
configure:16059: result: 8
configure:16071: checking for sys/wait.h that is POSIX.1 compatible
configure:16097: gcc -std=gnu99 -c -g -O2 -g -O2 -D_DEBUG -ggdb3 -pedantic -Wall -Wextra -fstrict-aliasing  conftest.c >&5
write those globals!
lets ouput some code!!!
whoop!
configure:16097: $? = 0
configure:16104: result: yes
configure:16112: checking for stdbool.h that conforms to C99
configure:16197: gcc -std=gnu99 -c -g -O2 -g -O2 -D_DEBUG -ggdb3 -pedantic -Wall -Wextra -fstrict-aliasing  conftest.c >&5
write those globals!
lets ouput some code!!!
whoop!
conftest.c:67:2: warning: the address of 's' will always evaluate as 'true' [-Waddress]
conftest.c: In function 'main':
conftest.c:111:10: warning: the address of 'a' will always evaluate as 'true' [-Waddress]
conftest.c:111:15: warning: the address of 'b' will always evaluate as 'true' [-Waddress]
conftest.c:111:20: warning: the address of 'c' will always evaluate as 'true' [-Waddress]
conftest.c:111:25: warning: the address of 'd' will always evaluate as 'true' [-Waddress]
conftest.c:111:35: warning: the address of 'f' will always evaluate as 'true' [-Waddress]
conftest.c:111:40: warning: the address of 'g' will always evaluate as 'true' [-Waddress]
conftest.c:111:45: warning: the address of 'h' will always evaluate as 'true' [-Waddress]
conftest.c:111:50: warning: the address of 'i' will always evaluate as 'true' [-Waddress]
conftest.c:112:10: warning: the address of 'n' will always evaluate as 'true' [-Waddress]
conftest.c:112:15: warning: the address of 'o' will always evaluate as 'true' [-Waddress]
conftest.c:112:20: warning: the address of 'p' will always evaluate as 'true' [-Waddress]
configure:16197: $? = 0
configure:16204: result: yes
configure:16206: checking for _Bool
configure:16206: gcc -std=gnu99 -c -g -O2 -g -O2 -D_DEBUG -ggdb3 -pedantic -Wall -Wextra -fstrict-aliasing  conftest.c >&5
write those globals!
lets ouput some code!!!
whoop!
configure:16206: $? = 0
configure:16206: gcc -std=gnu99 -c -g -O2 -g -O2 -D_DEBUG -ggdb3 -pedantic -Wall -Wextra -fstrict-aliasing  conftest.c >&5
write those globals!
seen error returning!
conftest.c: In function 'main':
conftest.c:76:20: error: expected expression before ')' token
configure:16206: $? = 1
configure: failed program was:
| /* confdefs.h */
| #define PACKAGE_NAME "GNU Python Runtime Library"
| #define PACKAGE_TARNAME "libgpy"
| #define PACKAGE_VERSION "0.1"
| #define PACKAGE_STRING "GNU Python Runtime Library 0.1"
| #define PACKAGE_BUGREPORT ""
| #define PACKAGE_URL "http://www.gnu.org/software/libgpy/"
| #define STDC_HEADERS 1
| #define HAVE_SYS_TYPES_H 1
| #define HAVE_SYS_STAT_H 1
| #define HAVE_STDLIB_H 1
| #define HAVE_STRING_H 1
| #define HAVE_MEMORY_H 1
| #define HAVE_STRINGS_H 1
| #define HAVE_INTTYPES_H 1
| #define HAVE_STDINT_H 1
| #define HAVE_UNISTD_H 1
| #define HAVE_DLFCN_H 1
| #define LT_OBJDIR ".libs/"
| #define DEBUG 1
| #define HAVE_LIBM 1
| #define HAVE_LIBGMP 1
| #define HAVE_LIBMPFR 1
| #define SIZEOF_MP_LIMB_T 4
| #define HAVE_VISIBILITY 1
| #define PACKAGE "libgpy"
| #define VERSION "0.1"
| #define SIZEOF_LONG 4
| #define SIZEOF_CHAR 1
| #define SIZEOF_INT 4
| #define SIZEOF_VOIDP 4
| #define SIZEOF_SHORT 2
| #define SIZEOF_DOUBLE 8
| #define SIZEOF_FLOAT 4
| #define SIZEOF_SIZE_T 4
| #define SIZEOF_LONG_INT 4
| #define SIZEOF_LONG_LONG 8
| #define HAVE_SYS_WAIT_H 1
| /* end confdefs.h.  */
| #include <stdio.h>
| #ifdef HAVE_SYS_TYPES_H
| # include <sys/types.h>
| #endif
| #ifdef HAVE_SYS_STAT_H
| # include <sys/stat.h>
| #endif
| #ifdef STDC_HEADERS
| # include <stdlib.h>
| # include <stddef.h>
| #else
| # ifdef HAVE_STDLIB_H
| #  include <stdlib.h>
| # endif
| #endif
| #ifdef HAVE_STRING_H
| # if !defined STDC_HEADERS && defined HAVE_MEMORY_H
| #  include <memory.h>
| # endif
| # include <string.h>
| #endif
| #ifdef HAVE_STRINGS_H
| # include <strings.h>
| #endif
| #ifdef HAVE_INTTYPES_H
| # include <inttypes.h>
| #endif
| #ifdef HAVE_STDINT_H
| # include <stdint.h>
| #endif
| #ifdef HAVE_UNISTD_H
| # include <unistd.h>
| #endif
| int
| main ()
| {
| if (sizeof ((_Bool)))
| 	    return 0;
|   ;
|   return 0;
| }
configure:16206: result: yes
configure:16222: checking for ANSI C header files
configure:16326: result: yes
configure:16341: checking for stdlib.h
configure:16341: result: yes
configure:16341: checking for string.h
configure:16341: result: yes
configure:16341: checking stdarg.h usability
configure:16341: gcc -std=gnu99 -c -g -O2 -g -O2 -D_DEBUG -ggdb3 -pedantic -Wall -Wextra -fstrict-aliasing  conftest.c >&5
write those globals!
lets ouput some code!!!
whoop!
configure:16341: $? = 0
configure:16341: result: yes
configure:16341: checking stdarg.h presence
configure:16341: gcc -E  conftest.c
configure:16341: $? = 0
configure:16341: result: yes
configure:16341: checking for stdarg.h
configure:16341: result: yes
configure:16341: checking for unistd.h
configure:16341: result: yes
configure:16341: checking for stdint.h
configure:16341: result: yes
configure:16341: checking stdio.h usability
configure:16341: gcc -std=gnu99 -c -g -O2 -g -O2 -D_DEBUG -ggdb3 -pedantic -Wall -Wextra -fstrict-aliasing  conftest.c >&5
write those globals!
lets ouput some code!!!
whoop!
configure:16341: $? = 0
configure:16341: result: yes
configure:16341: checking stdio.h presence
configure:16341: gcc -E  conftest.c
configure:16341: $? = 0
configure:16341: result: yes
configure:16341: checking for stdio.h
configure:16341: result: yes
configure:16341: checking getopt.h usability
configure:16341: gcc -std=gnu99 -c -g -O2 -g -O2 -D_DEBUG -ggdb3 -pedantic -Wall -Wextra -fstrict-aliasing  conftest.c >&5
write those globals!
lets ouput some code!!!
whoop!
configure:16341: $? = 0
configure:16341: result: yes
configure:16341: checking getopt.h presence
configure:16341: gcc -E  conftest.c
configure:16341: $? = 0
configure:16341: result: yes
configure:16341: checking for getopt.h
configure:16341: result: yes
configure:16341: checking assert.h usability
configure:16341: gcc -std=gnu99 -c -g -O2 -g -O2 -D_DEBUG -ggdb3 -pedantic -Wall -Wextra -fstrict-aliasing  conftest.c >&5
write those globals!
lets ouput some code!!!
whoop!
configure:16341: $? = 0
configure:16341: result: yes
configure:16341: checking assert.h presence
configure:16341: gcc -E  conftest.c
configure:16341: $? = 0
configure:16341: result: yes
configure:16341: checking for assert.h
configure:16341: result: yes
configure:16341: checking for sys/types.h
configure:16341: result: yes
configure:16341: checking signal.h usability
configure:16341: gcc -std=gnu99 -c -g -O2 -g -O2 -D_DEBUG -ggdb3 -pedantic -Wall -Wextra -fstrict-aliasing  conftest.c >&5
write those globals!
lets ouput some code!!!
whoop!
configure:16341: $? = 0
configure:16341: result: yes
configure:16341: checking signal.h presence
configure:16341: gcc -E  conftest.c
configure:16341: $? = 0
configure:16341: result: yes
configure:16341: checking for signal.h
configure:16341: result: yes
configure:16341: checking fcntl.h usability
configure:16341: gcc -std=gnu99 -c -g -O2 -g -O2 -D_DEBUG -ggdb3 -pedantic -Wall -Wextra -fstrict-aliasing  conftest.c >&5
write those globals!
lets ouput some code!!!
whoop!
configure:16341: $? = 0
configure:16341: result: yes
configure:16341: checking fcntl.h presence
configure:16341: gcc -E  conftest.c
configure:16341: $? = 0
configure:16341: result: yes
configure:16341: checking for fcntl.h
configure:16341: result: yes
configure:16341: checking pthread.h usability
configure:16341: gcc -std=gnu99 -c -g -O2 -g -O2 -D_DEBUG -ggdb3 -pedantic -Wall -Wextra -fstrict-aliasing  conftest.c >&5
write those globals!
lets ouput some code!!!
whoop!
configure:16341: $? = 0
configure:16341: result: yes
configure:16341: checking pthread.h presence
configure:16341: gcc -E  conftest.c
configure:16341: $? = 0
configure:16341: result: yes
configure:16341: checking for pthread.h
configure:16341: result: yes
configure:16341: checking for sys/wait.h
configure:16341: result: yes
configure:16341: checking gmp.h usability
configure:16341: gcc -std=gnu99 -c -g -O2 -g -O2 -D_DEBUG -ggdb3 -pedantic -Wall -Wextra -fstrict-aliasing  conftest.c >&5
write those globals!
lets ouput some code!!!
whoop!
configure:16341: $? = 0
configure:16341: result: yes
configure:16341: checking gmp.h presence
configure:16341: gcc -E  conftest.c
configure:16341: $? = 0
configure:16341: result: yes
configure:16341: checking for gmp.h
configure:16341: result: yes
configure:16341: checking mpfr.h usability
configure:16341: gcc -std=gnu99 -c -g -O2 -g -O2 -D_DEBUG -ggdb3 -pedantic -Wall -Wextra -fstrict-aliasing  conftest.c >&5
write those globals!
lets ouput some code!!!
whoop!
configure:16341: $? = 0
configure:16341: result: yes
configure:16341: checking mpfr.h presence
configure:16341: gcc -E  conftest.c
configure:16341: $? = 0
configure:16341: result: yes
configure:16341: checking for mpfr.h
configure:16341: result: yes
configure:16354: checking for an ANSI C-conforming const
configure:16419: gcc -std=gnu99 -c -g -O2 -g -O2 -D_DEBUG -ggdb3 -pedantic -Wall -Wextra -fstrict-aliasing  conftest.c >&5
write those globals!
lets ouput some code!!!
whoop!
conftest.c: In function 'main':
conftest.c:87:10: warning: 't' is used uninitialized in this function [-Wuninitialized]
conftest.c:103:23: warning: 'b' is used uninitialized in this function [-Wuninitialized]
configure:16419: $? = 0
configure:16426: result: yes
configure:16434: checking for pid_t
configure:16434: gcc -std=gnu99 -c -g -O2 -g -O2 -D_DEBUG -ggdb3 -pedantic -Wall -Wextra -fstrict-aliasing  conftest.c >&5
write those globals!
lets ouput some code!!!
whoop!
configure:16434: $? = 0
configure:16434: gcc -std=gnu99 -c -g -O2 -g -O2 -D_DEBUG -ggdb3 -pedantic -Wall -Wextra -fstrict-aliasing  conftest.c >&5
write those globals!
seen error returning!
conftest.c: In function 'main':
conftest.c:94:20: error: expected expression before ')' token
configure:16434: $? = 1
configure: failed program was:
| /* confdefs.h */
| #define PACKAGE_NAME "GNU Python Runtime Library"
| #define PACKAGE_TARNAME "libgpy"
| #define PACKAGE_VERSION "0.1"
| #define PACKAGE_STRING "GNU Python Runtime Library 0.1"
| #define PACKAGE_BUGREPORT ""
| #define PACKAGE_URL "http://www.gnu.org/software/libgpy/"
| #define STDC_HEADERS 1
| #define HAVE_SYS_TYPES_H 1
| #define HAVE_SYS_STAT_H 1
| #define HAVE_STDLIB_H 1
| #define HAVE_STRING_H 1
| #define HAVE_MEMORY_H 1
| #define HAVE_STRINGS_H 1
| #define HAVE_INTTYPES_H 1
| #define HAVE_STDINT_H 1
| #define HAVE_UNISTD_H 1
| #define HAVE_DLFCN_H 1
| #define LT_OBJDIR ".libs/"
| #define DEBUG 1
| #define HAVE_LIBM 1
| #define HAVE_LIBGMP 1
| #define HAVE_LIBMPFR 1
| #define SIZEOF_MP_LIMB_T 4
| #define HAVE_VISIBILITY 1
| #define PACKAGE "libgpy"
| #define VERSION "0.1"
| #define SIZEOF_LONG 4
| #define SIZEOF_CHAR 1
| #define SIZEOF_INT 4
| #define SIZEOF_VOIDP 4
| #define SIZEOF_SHORT 2
| #define SIZEOF_DOUBLE 8
| #define SIZEOF_FLOAT 4
| #define SIZEOF_SIZE_T 4
| #define SIZEOF_LONG_INT 4
| #define SIZEOF_LONG_LONG 8
| #define HAVE_SYS_WAIT_H 1
| #define HAVE__BOOL 1
| #define HAVE_STDBOOL_H 1
| #define STDC_HEADERS 1
| #define HAVE_STDLIB_H 1
| #define HAVE_STRING_H 1
| #define HAVE_STDARG_H 1
| #define HAVE_UNISTD_H 1
| #define HAVE_STDINT_H 1
| #define HAVE_STDIO_H 1
| #define HAVE_GETOPT_H 1
| #define HAVE_ASSERT_H 1
| #define HAVE_SYS_TYPES_H 1
| #define HAVE_SIGNAL_H 1
| #define HAVE_FCNTL_H 1
| #define HAVE_PTHREAD_H 1
| #define HAVE_SYS_WAIT_H 1
| #define HAVE_GMP_H 1
| #define HAVE_MPFR_H 1
| /* end confdefs.h.  */
| #include <stdio.h>
| #ifdef HAVE_SYS_TYPES_H
| # include <sys/types.h>
| #endif
| #ifdef HAVE_SYS_STAT_H
| # include <sys/stat.h>
| #endif
| #ifdef STDC_HEADERS
| # include <stdlib.h>
| # include <stddef.h>
| #else
| # ifdef HAVE_STDLIB_H
| #  include <stdlib.h>
| # endif
| #endif
| #ifdef HAVE_STRING_H
| # if !defined STDC_HEADERS && defined HAVE_MEMORY_H
| #  include <memory.h>
| # endif
| # include <string.h>
| #endif
| #ifdef HAVE_STRINGS_H
| # include <strings.h>
| #endif
| #ifdef HAVE_INTTYPES_H
| # include <inttypes.h>
| #endif
| #ifdef HAVE_STDINT_H
| # include <stdint.h>
| #endif
| #ifdef HAVE_UNISTD_H
| # include <unistd.h>
| #endif
| int
| main ()
| {
| if (sizeof ((pid_t)))
| 	    return 0;
|   ;
|   return 0;
| }
configure:16434: result: yes
configure:16445: checking for size_t
configure:16445: gcc -std=gnu99 -c -g -O2 -g -O2 -D_DEBUG -ggdb3 -pedantic -Wall -Wextra -fstrict-aliasing  conftest.c >&5
write those globals!
lets ouput some code!!!
whoop!
configure:16445: $? = 0
configure:16445: gcc -std=gnu99 -c -g -O2 -g -O2 -D_DEBUG -ggdb3 -pedantic -Wall -Wextra -fstrict-aliasing  conftest.c >&5
write those globals!
seen error returning!
conftest.c: In function 'main':
conftest.c:94:21: error: expected expression before ')' token
configure:16445: $? = 1
configure: failed program was:
| /* confdefs.h */
| #define PACKAGE_NAME "GNU Python Runtime Library"
| #define PACKAGE_TARNAME "libgpy"
| #define PACKAGE_VERSION "0.1"
| #define PACKAGE_STRING "GNU Python Runtime Library 0.1"
| #define PACKAGE_BUGREPORT ""
| #define PACKAGE_URL "http://www.gnu.org/software/libgpy/"
| #define STDC_HEADERS 1
| #define HAVE_SYS_TYPES_H 1
| #define HAVE_SYS_STAT_H 1
| #define HAVE_STDLIB_H 1
| #define HAVE_STRING_H 1
| #define HAVE_MEMORY_H 1
| #define HAVE_STRINGS_H 1
| #define HAVE_INTTYPES_H 1
| #define HAVE_STDINT_H 1
| #define HAVE_UNISTD_H 1
| #define HAVE_DLFCN_H 1
| #define LT_OBJDIR ".libs/"
| #define DEBUG 1
| #define HAVE_LIBM 1
| #define HAVE_LIBGMP 1
| #define HAVE_LIBMPFR 1
| #define SIZEOF_MP_LIMB_T 4
| #define HAVE_VISIBILITY 1
| #define PACKAGE "libgpy"
| #define VERSION "0.1"
| #define SIZEOF_LONG 4
| #define SIZEOF_CHAR 1
| #define SIZEOF_INT 4
| #define SIZEOF_VOIDP 4
| #define SIZEOF_SHORT 2
| #define SIZEOF_DOUBLE 8
| #define SIZEOF_FLOAT 4
| #define SIZEOF_SIZE_T 4
| #define SIZEOF_LONG_INT 4
| #define SIZEOF_LONG_LONG 8
| #define HAVE_SYS_WAIT_H 1
| #define HAVE__BOOL 1
| #define HAVE_STDBOOL_H 1
| #define STDC_HEADERS 1
| #define HAVE_STDLIB_H 1
| #define HAVE_STRING_H 1
| #define HAVE_STDARG_H 1
| #define HAVE_UNISTD_H 1
| #define HAVE_STDINT_H 1
| #define HAVE_STDIO_H 1
| #define HAVE_GETOPT_H 1
| #define HAVE_ASSERT_H 1
| #define HAVE_SYS_TYPES_H 1
| #define HAVE_SIGNAL_H 1
| #define HAVE_FCNTL_H 1
| #define HAVE_PTHREAD_H 1
| #define HAVE_SYS_WAIT_H 1
| #define HAVE_GMP_H 1
| #define HAVE_MPFR_H 1
| /* end confdefs.h.  */
| #include <stdio.h>
| #ifdef HAVE_SYS_TYPES_H
| # include <sys/types.h>
| #endif
| #ifdef HAVE_SYS_STAT_H
| # include <sys/stat.h>
| #endif
| #ifdef STDC_HEADERS
| # include <stdlib.h>
| # include <stddef.h>
| #else
| # ifdef HAVE_STDLIB_H
| #  include <stdlib.h>
| # endif
| #endif
| #ifdef HAVE_STRING_H
| # if !defined STDC_HEADERS && defined HAVE_MEMORY_H
| #  include <memory.h>
| # endif
| # include <string.h>
| #endif
| #ifdef HAVE_STRINGS_H
| # include <strings.h>
| #endif
| #ifdef HAVE_INTTYPES_H
| # include <inttypes.h>
| #endif
| #ifdef HAVE_STDINT_H
| # include <stdint.h>
| #endif
| #ifdef HAVE_UNISTD_H
| # include <unistd.h>
| #endif
| int
| main ()
| {
| if (sizeof ((size_t)))
| 	    return 0;
|   ;
|   return 0;
| }
configure:16445: result: yes
configure:16464: checking for popen
configure:16464: gcc -std=gnu99 -o conftest -g -O2 -g -O2 -D_DEBUG -ggdb3 -pedantic -Wall -Wextra -fstrict-aliasing   conftest.c -lmpfr -lgmp -lm  >&5
write those globals!
lets ouput some code!!!
whoop!
configure:16464: $? = 0
configure:16464: result: yes
configure:16464: checking for fopen
configure:16464: gcc -std=gnu99 -o conftest -g -O2 -g -O2 -D_DEBUG -ggdb3 -pedantic -Wall -Wextra -fstrict-aliasing   conftest.c -lmpfr -lgmp -lm  >&5
write those globals!
lets ouput some code!!!
whoop!
configure:16464: $? = 0
configure:16464: result: yes
configure:16464: checking for fclose
configure:16464: gcc -std=gnu99 -o conftest -g -O2 -g -O2 -D_DEBUG -ggdb3 -pedantic -Wall -Wextra -fstrict-aliasing   conftest.c -lmpfr -lgmp -lm  >&5
write those globals!
lets ouput some code!!!
whoop!
configure:16464: $? = 0
configure:16464: result: yes
configure:16464: checking for sprintf
configure:16464: gcc -std=gnu99 -o conftest -g -O2 -g -O2 -D_DEBUG -ggdb3 -pedantic -Wall -Wextra -fstrict-aliasing   conftest.c -lmpfr -lgmp -lm  >&5
write those globals!
lets ouput some code!!!
whoop!
conftest.c:84:6: warning: conflicting types for built-in function 'sprintf' [enabled by default]
configure:16464: $? = 0
configure:16464: result: yes
configure:16464: checking for fprintf
configure:16464: gcc -std=gnu99 -o conftest -g -O2 -g -O2 -D_DEBUG -ggdb3 -pedantic -Wall -Wextra -fstrict-aliasing   conftest.c -lmpfr -lgmp -lm  >&5
write those globals!
lets ouput some code!!!
whoop!
conftest.c:85:6: warning: conflicting types for built-in function 'fprintf' [enabled by default]
configure:16464: $? = 0
configure:16464: result: yes
configure:16464: checking for strdup
configure:16464: gcc -std=gnu99 -o conftest -g -O2 -g -O2 -D_DEBUG -ggdb3 -pedantic -Wall -Wextra -fstrict-aliasing   conftest.c -lmpfr -lgmp -lm  >&5
write those globals!
lets ouput some code!!!
whoop!
conftest.c:86:6: warning: conflicting types for built-in function 'strdup' [enabled by default]
configure:16464: $? = 0
configure:16464: result: yes
configure:16464: checking for strlen
configure:16464: gcc -std=gnu99 -o conftest -g -O2 -g -O2 -D_DEBUG -ggdb3 -pedantic -Wall -Wextra -fstrict-aliasing   conftest.c -lmpfr -lgmp -lm  >&5
write those globals!
lets ouput some code!!!
whoop!
conftest.c:87:6: warning: conflicting types for built-in function 'strlen' [enabled by default]
configure:16464: $? = 0
configure:16464: result: yes
configure:16464: checking for strcpy
configure:16464: gcc -std=gnu99 -o conftest -g -O2 -g -O2 -D_DEBUG -ggdb3 -pedantic -Wall -Wextra -fstrict-aliasing   conftest.c -lmpfr -lgmp -lm  >&5
write those globals!
lets ouput some code!!!
whoop!
conftest.c:88:6: warning: conflicting types for built-in function 'strcpy' [enabled by default]
configure:16464: $? = 0
configure:16464: result: yes
configure:16464: checking for strcmp
configure:16464: gcc -std=gnu99 -o conftest -g -O2 -g -O2 -D_DEBUG -ggdb3 -pedantic -Wall -Wextra -fstrict-aliasing   conftest.c -lmpfr -lgmp -lm  >&5
write those globals!
lets ouput some code!!!
whoop!
conftest.c:89:6: warning: conflicting types for built-in function 'strcmp' [enabled by default]
configure:16464: $? = 0
configure:16464: result: yes
configure:16464: checking for getopt_long
configure:16464: gcc -std=gnu99 -o conftest -g -O2 -g -O2 -D_DEBUG -ggdb3 -pedantic -Wall -Wextra -fstrict-aliasing   conftest.c -lmpfr -lgmp -lm  >&5
write those globals!
lets ouput some code!!!
whoop!
configure:16464: $? = 0
configure:16464: result: yes
configure:16464: checking for memcpy
configure:16464: gcc -std=gnu99 -o conftest -g -O2 -g -O2 -D_DEBUG -ggdb3 -pedantic -Wall -Wextra -fstrict-aliasing   conftest.c -lmpfr -lgmp -lm  >&5
write those globals!
lets ouput some code!!!
whoop!
conftest.c:91:6: warning: conflicting types for built-in function 'memcpy' [enabled by default]
configure:16464: $? = 0
configure:16464: result: yes
configure:16464: checking for calloc
configure:16464: gcc -std=gnu99 -o conftest -g -O2 -g -O2 -D_DEBUG -ggdb3 -pedantic -Wall -Wextra -fstrict-aliasing   conftest.c -lmpfr -lgmp -lm  >&5
write those globals!
lets ouput some code!!!
whoop!
conftest.c:92:6: warning: conflicting types for built-in function 'calloc' [enabled by default]
configure:16464: $? = 0
configure:16464: result: yes
configure:16464: checking for system
configure:16464: gcc -std=gnu99 -o conftest -g -O2 -g -O2 -D_DEBUG -ggdb3 -pedantic -Wall -Wextra -fstrict-aliasing   conftest.c -lmpfr -lgmp -lm  >&5
write those globals!
lets ouput some code!!!
whoop!
configure:16464: $? = 0
configure:16464: result: yes
configure:16464: checking for sysconf
configure:16464: gcc -std=gnu99 -o conftest -g -O2 -g -O2 -D_DEBUG -ggdb3 -pedantic -Wall -Wextra -fstrict-aliasing   conftest.c -lmpfr -lgmp -lm  >&5
write those globals!
lets ouput some code!!!
whoop!
configure:16464: $? = 0
configure:16464: result: yes
configure:16464: checking for atoi
configure:16464: gcc -std=gnu99 -o conftest -g -O2 -g -O2 -D_DEBUG -ggdb3 -pedantic -Wall -Wextra -fstrict-aliasing   conftest.c -lmpfr -lgmp -lm  >&5
write those globals!
lets ouput some code!!!
whoop!
configure:16464: $? = 0
configure:16464: result: yes
configure:16464: checking for getpid
configure:16464: gcc -std=gnu99 -o conftest -g -O2 -g -O2 -D_DEBUG -ggdb3 -pedantic -Wall -Wextra -fstrict-aliasing   conftest.c -lmpfr -lgmp -lm  >&5
write those globals!
lets ouput some code!!!
whoop!
configure:16464: $? = 0
configure:16464: result: yes
configure:16464: checking for execl
configure:16464: gcc -std=gnu99 -o conftest -g -O2 -g -O2 -D_DEBUG -ggdb3 -pedantic -Wall -Wextra -fstrict-aliasing   conftest.c -lmpfr -lgmp -lm  >&5
write those globals!
lets ouput some code!!!
whoop!
conftest.c:97:6: warning: conflicting types for built-in function 'execl' [enabled by default]
configure:16464: $? = 0
configure:16464: result: yes
configure:16464: checking for fork
configure:16464: gcc -std=gnu99 -o conftest -g -O2 -g -O2 -D_DEBUG -ggdb3 -pedantic -Wall -Wextra -fstrict-aliasing   conftest.c -lmpfr -lgmp -lm  >&5
write those globals!
lets ouput some code!!!
whoop!
conftest.c:98:6: warning: conflicting types for built-in function 'fork' [enabled by default]
configure:16464: $? = 0
configure:16464: result: yes
configure:16464: checking for wait
configure:16464: gcc -std=gnu99 -o conftest -g -O2 -g -O2 -D_DEBUG -ggdb3 -pedantic -Wall -Wextra -fstrict-aliasing   conftest.c -lmpfr -lgmp -lm  >&5
write those globals!
lets ouput some code!!!
whoop!
configure:16464: $? = 0
configure:16464: result: yes
configure:16464: checking for exit
configure:16464: gcc -std=gnu99 -o conftest -g -O2 -g -O2 -D_DEBUG -ggdb3 -pedantic -Wall -Wextra -fstrict-aliasing   conftest.c -lmpfr -lgmp -lm  >&5
write those globals!
lets ouput some code!!!
whoop!
conftest.c:100:6: warning: conflicting types for built-in function 'exit' [enabled by default]
configure:16464: $? = 0
configure:16464: result: yes
configure:16464: checking for atof
configure:16464: gcc -std=gnu99 -o conftest -g -O2 -g -O2 -D_DEBUG -ggdb3 -pedantic -Wall -Wextra -fstrict-aliasing   conftest.c -lmpfr -lgmp -lm  >&5
write those globals!
lets ouput some code!!!
whoop!
configure:16464: $? = 0
configure:16464: result: yes
configure:16464: checking for vfprintf
configure:16464: gcc -std=gnu99 -o conftest -g -O2 -g -O2 -D_DEBUG -ggdb3 -pedantic -Wall -Wextra -fstrict-aliasing   conftest.c -lmpfr -lgmp -lm  >&5
write those globals!
lets ouput some code!!!
whoop!
conftest.c:102:6: warning: conflicting types for built-in function 'vfprintf' [enabled by default]
configure:16464: $? = 0
configure:16464: result: yes
configure:16464: checking for memcmp
configure:16464: gcc -std=gnu99 -o conftest -g -O2 -g -O2 -D_DEBUG -ggdb3 -pedantic -Wall -Wextra -fstrict-aliasing   conftest.c -lmpfr -lgmp -lm  >&5
write those globals!
lets ouput some code!!!
whoop!
conftest.c:103:6: warning: conflicting types for built-in function 'memcmp' [enabled by default]
configure:16464: $? = 0
configure:16464: result: yes
configure:16464: checking for getc
configure:16464: gcc -std=gnu99 -o conftest -g -O2 -g -O2 -D_DEBUG -ggdb3 -pedantic -Wall -Wextra -fstrict-aliasing   conftest.c -lmpfr -lgmp -lm  >&5
write those globals!
lets ouput some code!!!
whoop!
configure:16464: $? = 0
configure:16464: result: yes
configure:16464: checking for fgets
configure:16464: gcc -std=gnu99 -o conftest -g -O2 -g -O2 -D_DEBUG -ggdb3 -pedantic -Wall -Wextra -fstrict-aliasing   conftest.c -lmpfr -lgmp -lm  >&5
write those globals!
lets ouput some code!!!
whoop!
configure:16464: $? = 0
configure:16464: result: yes
configure:16464: checking for pipe
configure:16464: gcc -std=gnu99 -o conftest -g -O2 -g -O2 -D_DEBUG -ggdb3 -pedantic -Wall -Wextra -fstrict-aliasing   conftest.c -lmpfr -lgmp -lm  >&5
write those globals!
lets ouput some code!!!
whoop!
configure:16464: $? = 0
configure:16464: result: yes
configure:16464: checking for waitpid
configure:16464: gcc -std=gnu99 -o conftest -g -O2 -g -O2 -D_DEBUG -ggdb3 -pedantic -Wall -Wextra -fstrict-aliasing   conftest.c -lmpfr -lgmp -lm  >&5
write those globals!
lets ouput some code!!!
whoop!
configure:16464: $? = 0
configure:16464: result: yes
configure:16464: checking for fdopen
configure:16464: gcc -std=gnu99 -o conftest -g -O2 -g -O2 -D_DEBUG -ggdb3 -pedantic -Wall -Wextra -fstrict-aliasing   conftest.c -lmpfr -lgmp -lm  >&5
write those globals!
lets ouput some code!!!
whoop!
configure:16464: $? = 0
configure:16464: result: yes
configure:16478: checking for stdlib.h
configure:16478: result: yes
configure:16488: checking for GNU libc compatible malloc
configure:16512: gcc -std=gnu99 -o conftest -g -O2 -g -O2 -D_DEBUG -ggdb3 -pedantic -Wall -Wextra -fstrict-aliasing   conftest.c -lmpfr -lgmp -lm  >&5
write those globals!
lets ouput some code!!!
whoop!
configure:16512: $? = 0
configure:16512: ./conftest
configure:16512: $? = 0
configure:16522: result: yes
configure:16549: checking for utime.h
configure:16549: gcc -std=gnu99 -c -g -O2 -g -O2 -D_DEBUG -ggdb3 -pedantic -Wall -Wextra -fstrict-aliasing  conftest.c >&5
write those globals!
lets ouput some code!!!
whoop!
configure:16549: $? = 0
configure:16549: result: yes
configure:16564: checking whether utime accepts a null argument
configure:16593: gcc -std=gnu99 -o conftest -g -O2 -g -O2 -D_DEBUG -ggdb3 -pedantic -Wall -Wextra -fstrict-aliasing   conftest.c -lmpfr -lgmp -lm  >&5
write those globals!
lets ouput some code!!!
whoop!
configure:16593: $? = 0
configure:16593: ./conftest
configure:16593: $? = 0
configure:16603: result: yes
configure:16615: checking for vprintf
configure:16615: gcc -std=gnu99 -o conftest -g -O2 -g -O2 -D_DEBUG -ggdb3 -pedantic -Wall -Wextra -fstrict-aliasing   conftest.c -lmpfr -lgmp -lm  >&5
write those globals!
lets ouput some code!!!
whoop!
conftest.c:113:6: warning: conflicting types for built-in function 'vprintf' [enabled by default]
configure:16615: $? = 0
configure:16615: result: yes
configure:16621: checking for _doprnt
configure:16621: gcc -std=gnu99 -o conftest -g -O2 -g -O2 -D_DEBUG -ggdb3 -pedantic -Wall -Wextra -fstrict-aliasing   conftest.c -lmpfr -lgmp -lm  >&5
write those globals!
lets ouput some code!!!
whoop!
/usr/local/lib/gcc/i686-pc-linux-gnu/4.6.0/../../../../i686-pc-linux-gnu/bin/ld: /tmp/ccSv6JUH.o: in function main:conftest.c:125: error: undefined reference to '_doprnt'
collect2: ld returned 1 exit status
configure:16621: $? = 1
configure: failed program was:
| /* confdefs.h */
| #define PACKAGE_NAME "GNU Python Runtime Library"
| #define PACKAGE_TARNAME "libgpy"
| #define PACKAGE_VERSION "0.1"
| #define PACKAGE_STRING "GNU Python Runtime Library 0.1"
| #define PACKAGE_BUGREPORT ""
| #define PACKAGE_URL "http://www.gnu.org/software/libgpy/"
| #define STDC_HEADERS 1
| #define HAVE_SYS_TYPES_H 1
| #define HAVE_SYS_STAT_H 1
| #define HAVE_STDLIB_H 1
| #define HAVE_STRING_H 1
| #define HAVE_MEMORY_H 1
| #define HAVE_STRINGS_H 1
| #define HAVE_INTTYPES_H 1
| #define HAVE_STDINT_H 1
| #define HAVE_UNISTD_H 1
| #define HAVE_DLFCN_H 1
| #define LT_OBJDIR ".libs/"
| #define DEBUG 1
| #define HAVE_LIBM 1
| #define HAVE_LIBGMP 1
| #define HAVE_LIBMPFR 1
| #define SIZEOF_MP_LIMB_T 4
| #define HAVE_VISIBILITY 1
| #define PACKAGE "libgpy"
| #define VERSION "0.1"
| #define SIZEOF_LONG 4
| #define SIZEOF_CHAR 1
| #define SIZEOF_INT 4
| #define SIZEOF_VOIDP 4
| #define SIZEOF_SHORT 2
| #define SIZEOF_DOUBLE 8
| #define SIZEOF_FLOAT 4
| #define SIZEOF_SIZE_T 4
| #define SIZEOF_LONG_INT 4
| #define SIZEOF_LONG_LONG 8
| #define HAVE_SYS_WAIT_H 1
| #define HAVE__BOOL 1
| #define HAVE_STDBOOL_H 1
| #define STDC_HEADERS 1
| #define HAVE_STDLIB_H 1
| #define HAVE_STRING_H 1
| #define HAVE_STDARG_H 1
| #define HAVE_UNISTD_H 1
| #define HAVE_STDINT_H 1
| #define HAVE_STDIO_H 1
| #define HAVE_GETOPT_H 1
| #define HAVE_ASSERT_H 1
| #define HAVE_SYS_TYPES_H 1
| #define HAVE_SIGNAL_H 1
| #define HAVE_FCNTL_H 1
| #define HAVE_PTHREAD_H 1
| #define HAVE_SYS_WAIT_H 1
| #define HAVE_GMP_H 1
| #define HAVE_MPFR_H 1
| #define HAVE_POPEN 1
| #define HAVE_FOPEN 1
| #define HAVE_FCLOSE 1
| #define HAVE_SPRINTF 1
| #define HAVE_FPRINTF 1
| #define HAVE_STRDUP 1
| #define HAVE_STRLEN 1
| #define HAVE_STRCPY 1
| #define HAVE_STRCMP 1
| #define HAVE_GETOPT_LONG 1
| #define HAVE_MEMCPY 1
| #define HAVE_CALLOC 1
| #define HAVE_SYSTEM 1
| #define HAVE_SYSCONF 1
| #define HAVE_ATOI 1
| #define HAVE_GETPID 1
| #define HAVE_EXECL 1
| #define HAVE_FORK 1
| #define HAVE_WAIT 1
| #define HAVE_EXIT 1
| #define HAVE_ATOF 1
| #define HAVE_VFPRINTF 1
| #define HAVE_MEMCMP 1
| #define HAVE_GETC 1
| #define HAVE_FGETS 1
| #define HAVE_PIPE 1
| #define HAVE_WAITPID 1
| #define HAVE_FDOPEN 1
| #define HAVE_STDLIB_H 1
| #define HAVE_MALLOC 1
| #define HAVE_UTIME_H 1
| #define HAVE_UTIME_NULL 1
| #define HAVE_VPRINTF 1
| /* end confdefs.h.  */
| /* Define _doprnt to an innocuous variant, in case <limits.h> declares _doprnt.
|    For example, HP-UX 11i <limits.h> declares gettimeofday.  */
| #define _doprnt innocuous__doprnt
| 
| /* System header to define __stub macros and hopefully few prototypes,
|     which can conflict with char _doprnt (); below.
|     Prefer <limits.h> to <assert.h> if __STDC__ is defined, since
|     <limits.h> exists even on freestanding compilers.  */
| 
| #ifdef __STDC__
| # include <limits.h>
| #else
| # include <assert.h>
| #endif
| 
| #undef _doprnt
| 
| /* Override any GCC internal prototype to avoid an error.
|    Use char because int might match the return type of a GCC
|    builtin and then its argument prototype would still apply.  */
| #ifdef __cplusplus
| extern "C"
| #endif
| char _doprnt ();
| /* The GNU C library defines this for functions which it implements
|     to always fail with ENOSYS.  Some functions are actually named
|     something starting with __ and the normal name is an alias.  */
| #if defined __stub__doprnt || defined __stub____doprnt
| choke me
| #endif
| 
| int
| main ()
| {
| return _doprnt ();
|   ;
|   return 0;
| }
configure:16621: result: no
configure:16758: creating ./config.status

## ---------------------- ##
## Running config.status. ##
## ---------------------- ##

This file was extended by GNU Python Runtime Library config.status 0.1, which was
generated by GNU Autoconf 2.65.  Invocation command line was

  CONFIG_FILES    = 
  CONFIG_HEADERS  = 
  CONFIG_LINKS    = 
  CONFIG_COMMANDS = 
  $ ./config.status 

on omicron

config.status:1202: creating Makefile
config.status:1202: creating config.h
config.status:1422: executing libtool commands
config.status:1422: executing depfiles commands

## ---------------- ##
## Cache variables. ##
## ---------------- ##

ac_cv_build=i686-pc-linux-gnu
ac_cv_c_bigendian=no
ac_cv_c_compiler_gnu=yes
ac_cv_c_const=yes
ac_cv_c_inline=inline
ac_cv_c_volatile=yes
ac_cv_cxx_compiler_gnu=yes
ac_cv_env_CCC_set=
ac_cv_env_CCC_value=
ac_cv_env_CC_set=
ac_cv_env_CC_value=
ac_cv_env_CFLAGS_set=
ac_cv_env_CFLAGS_value=
ac_cv_env_CPPFLAGS_set=
ac_cv_env_CPPFLAGS_value=
ac_cv_env_CPP_set=
ac_cv_env_CPP_value=
ac_cv_env_CXXCPP_set=
ac_cv_env_CXXCPP_value=
ac_cv_env_CXXFLAGS_set=
ac_cv_env_CXXFLAGS_value=
ac_cv_env_CXX_set=
ac_cv_env_CXX_value=
ac_cv_env_LDFLAGS_set=
ac_cv_env_LDFLAGS_value=
ac_cv_env_LIBS_set=
ac_cv_env_LIBS_value=
ac_cv_env_build_alias_set=
ac_cv_env_build_alias_value=
ac_cv_env_host_alias_set=
ac_cv_env_host_alias_value=
ac_cv_env_target_alias_set=
ac_cv_env_target_alias_value=
ac_cv_func__doprnt=no
ac_cv_func_atof=yes
ac_cv_func_atoi=yes
ac_cv_func_calloc=yes
ac_cv_func_dlopen=no
ac_cv_func_execl=yes
ac_cv_func_exit=yes
ac_cv_func_fclose=yes
ac_cv_func_fdopen=yes
ac_cv_func_fgets=yes
ac_cv_func_fopen=yes
ac_cv_func_fork=yes
ac_cv_func_fprintf=yes
ac_cv_func_getc=yes
ac_cv_func_getopt_long=yes
ac_cv_func_getpid=yes
ac_cv_func_malloc_0_nonnull=yes
ac_cv_func_memcmp=yes
ac_cv_func_memcpy=yes
ac_cv_func_pipe=yes
ac_cv_func_popen=yes
ac_cv_func_shl_load=no
ac_cv_func_sprintf=yes
ac_cv_func_strcmp=yes
ac_cv_func_strcpy=yes
ac_cv_func_strdup=yes
ac_cv_func_strlen=yes
ac_cv_func_sysconf=yes
ac_cv_func_system=yes
ac_cv_func_utime_null=yes
ac_cv_func_vfprintf=yes
ac_cv_func_vprintf=yes
ac_cv_func_wait=yes
ac_cv_func_waitpid=yes
ac_cv_header_assert_h=yes
ac_cv_header_dlfcn_h=yes
ac_cv_header_fcntl_h=yes
ac_cv_header_getopt_h=yes
ac_cv_header_gmp_h=yes
ac_cv_header_inttypes_h=yes
ac_cv_header_memory_h=yes
ac_cv_header_mpfr_h=yes
ac_cv_header_pthread_h=yes
ac_cv_header_signal_h=yes
ac_cv_header_stdarg_h=yes
ac_cv_header_stdbool_h=yes
ac_cv_header_stdc=yes
ac_cv_header_stdint_h=yes
ac_cv_header_stdio_h=yes
ac_cv_header_stdlib_h=yes
ac_cv_header_string_h=yes
ac_cv_header_strings_h=yes
ac_cv_header_sys_stat_h=yes
ac_cv_header_sys_types_h=yes
ac_cv_header_sys_wait_h=yes
ac_cv_header_unistd_h=yes
ac_cv_header_utime_h=yes
ac_cv_host=i686-pc-linux-gnu
ac_cv_lib_dl_dlopen=yes
ac_cv_lib_dld_shl_load=no
ac_cv_lib_gmp___gmpz_init=yes
ac_cv_lib_m_pow=yes
ac_cv_lib_mpfr_mpfr_init_=yes
ac_cv_objext=o
ac_cv_path_CHMOD=/bin/chmod
ac_cv_path_CMP=/usr/bin/cmp
ac_cv_path_CP=/bin/cp
ac_cv_path_EGREP='/bin/grep -E'
ac_cv_path_FGREP='/bin/grep -F'
ac_cv_path_GREP=/bin/grep
ac_cv_path_HOSTNAME=/bin/hostname
ac_cv_path_MV=/bin/mv
ac_cv_path_RM=/bin/rm
ac_cv_path_SED=/bin/sed
ac_cv_path_install='/usr/bin/install -c'
ac_cv_path_mkdir=/bin/mkdir
ac_cv_prog_AR=ar
ac_cv_prog_AWK=gawk
ac_cv_prog_CPP='gcc -E'
ac_cv_prog_CXXCPP='g++ -E'
ac_cv_prog_ac_ct_CC=gcc
ac_cv_prog_ac_ct_CXX=g++
ac_cv_prog_ac_ct_OBJDUMP=objdump
ac_cv_prog_ac_ct_RANLIB=ranlib
ac_cv_prog_ac_ct_STRIP=strip
ac_cv_prog_cc_c89=
ac_cv_prog_cc_c99=-std=gnu99
ac_cv_prog_cc_g=yes
ac_cv_prog_cc_gcc_c_o=yes
ac_cv_prog_cxx_g=yes
ac_cv_prog_make_make_set=yes
ac_cv_sizeof_char=1
ac_cv_sizeof_double=8
ac_cv_sizeof_float=4
ac_cv_sizeof_int=4
ac_cv_sizeof_long=4
ac_cv_sizeof_long_int=4
ac_cv_sizeof_long_long=8
ac_cv_sizeof_mp_limb_t=4
ac_cv_sizeof_short=2
ac_cv_sizeof_size_t=4
ac_cv_sizeof_voidp=4
ac_cv_type__Bool=yes
ac_cv_type_pid_t=yes
ac_cv_type_size_t=yes
am_cv_CC_dependencies_compiler_type=gcc3
am_cv_CXX_dependencies_compiler_type=gcc3
gl_cv_cc_visibility=yes
lt_cv_deplibs_check_method=pass_all
lt_cv_dlopen=dlopen
lt_cv_dlopen_libs=-ldl
lt_cv_dlopen_self=yes
lt_cv_dlopen_self_static=no
lt_cv_file_magic_cmd='$MAGIC_CMD'
lt_cv_file_magic_test_file=
lt_cv_ld_reload_flag=-r
lt_cv_nm_interface='BSD nm'
lt_cv_objdir=.libs
lt_cv_path_LD=/usr/local/i686-pc-linux-gnu/bin/ld
lt_cv_path_LDCXX=/usr/local/i686-pc-linux-gnu/bin/ld
lt_cv_path_NM='/usr/local/bin/nm -B'
lt_cv_prog_compiler_c_o=yes
lt_cv_prog_compiler_c_o_CXX=yes
lt_cv_prog_compiler_pic_works=yes
lt_cv_prog_compiler_pic_works_CXX=yes
lt_cv_prog_compiler_rtti_exceptions=no
lt_cv_prog_compiler_static_works=yes
lt_cv_prog_compiler_static_works_CXX=yes
lt_cv_prog_gnu_ld=yes
lt_cv_prog_gnu_ldcxx=yes
lt_cv_sys_global_symbol_pipe='sed -n -e '\''s/^.*[	 ]\([ABCDGIRSTW][ABCDGIRSTW]*\)[	 ][	 ]*\([_A-Za-z][_A-Za-z0-9]*\)$/\1 \2 \2/p'\'''
lt_cv_sys_global_symbol_to_c_name_address='sed -n -e '\''s/^: \([^ ]*\) $/  {\"\1\", (void *) 0},/p'\'' -e '\''s/^[ABCDGIRSTW]* \([^ ]*\) \([^ ]*\)$/  {"\2", (void *) \&\2},/p'\'''
lt_cv_sys_global_symbol_to_c_name_address_lib_prefix='sed -n -e '\''s/^: \([^ ]*\) $/  {\"\1\", (void *) 0},/p'\'' -e '\''s/^[ABCDGIRSTW]* \([^ ]*\) \(lib[^ ]*\)$/  {"\2", (void *) \&\2},/p'\'' -e '\''s/^[ABCDGIRSTW]* \([^ ]*\) \([^ ]*\)$/  {"lib\2", (void *) \&\2},/p'\'''
lt_cv_sys_global_symbol_to_cdecl='sed -n -e '\''s/^T .* \(.*\)$/extern int \1();/p'\'' -e '\''s/^[ABCDGIRSTW]* .* \(.*\)$/extern char \1;/p'\'''
lt_cv_sys_max_cmd_len=1572864

## ----------------- ##
## Output variables. ##
## ----------------- ##

ACLOCAL='${SHELL} /home/redbrain/workspace/gcc-dev/gcc-dev/libgpython/config/missing --run aclocal-1.11'
AMDEPBACKSLASH='\'
AMDEP_FALSE='#'
AMDEP_TRUE=''
AMTAR='${SHELL} /home/redbrain/workspace/gcc-dev/gcc-dev/libgpython/config/missing --run tar'
AR='ar'
AUTOCONF='${SHELL} /home/redbrain/workspace/gcc-dev/gcc-dev/libgpython/config/missing --run autoconf'
AUTOHEADER='${SHELL} /home/redbrain/workspace/gcc-dev/gcc-dev/libgpython/config/missing --run autoheader'
AUTOMAKE='${SHELL} /home/redbrain/workspace/gcc-dev/gcc-dev/libgpython/config/missing --run automake-1.11'
AWK='gawk'
CC='gcc -std=gnu99'
CCDEPMODE='depmode=gcc3'
CFLAGS='-g -O2 -g -O2 -D_DEBUG -ggdb3 -pedantic -Wall -Wextra -fstrict-aliasing'
CFLAG_VISIBILITY='-fvisibility=hidden'
CHMOD='/bin/chmod'
CMP='/usr/bin/cmp'
CP='/bin/cp'
CPP='gcc -E'
CPPFLAGS=''
CXX='g++'
CXXCPP='g++ -E'
CXXDEPMODE='depmode=gcc3'
CXXFLAGS='-g -O2'
CYGPATH_W='echo'
DEFS='-DHAVE_CONFIG_H'
DEPDIR='.deps'
DSYMUTIL=''
DUMPBIN=''
ECHO_C=''
ECHO_N='-n'
ECHO_T=''
EGREP='/bin/grep -E'
EXEEXT=''
FGREP='/bin/grep -F'
GREP='/bin/grep'
HAVE_VISIBILITY='1'
HOSTNAME='/bin/hostname'
INSTALL_DATA='${INSTALL} -m 644'
INSTALL_PROGRAM='${INSTALL}'
INSTALL_SCRIPT='${INSTALL}'
INSTALL_STRIP_PROGRAM='$(install_sh) -c -s'
LD='/usr/local/i686-pc-linux-gnu/bin/ld'
LDFLAGS=''
LIBOBJS=''
LIBS='-lmpfr -lgmp -lm '
LIBTOOL='$(SHELL) $(top_builddir)/libtool'
LIPO=''
LN_S='ln -s'
LTLIBOBJS=''
MAKEINFO='${SHELL} /home/redbrain/workspace/gcc-dev/gcc-dev/libgpython/config/missing --run makeinfo'
MKDIR_P='/bin/mkdir -p'
MV='/bin/mv'
NM='/usr/local/bin/nm -B'
NMEDIT=''
OBJDUMP='objdump'
OBJEXT='o'
OTOOL64=''
OTOOL=''
PACKAGE='libgpy'
PACKAGE_BUGREPORT=''
PACKAGE_NAME='GNU Python Runtime Library'
PACKAGE_STRING='GNU Python Runtime Library 0.1'
PACKAGE_TARNAME='libgpy'
PACKAGE_URL='http://www.gnu.org/software/libgpy/'
PACKAGE_VERSION='0.1'
PATH_SEPARATOR=':'
RANLIB='ranlib'
RM='/bin/rm'
SED='/bin/sed'
SET_MAKE=''
SHELL='/bin/bash'
STRIP='strip'
VERSION='0.1'
ac_ct_CC='gcc'
ac_ct_CXX='g++'
ac_ct_DUMPBIN=''
am__EXEEXT_FALSE=''
am__EXEEXT_TRUE='#'
am__fastdepCC_FALSE='#'
am__fastdepCC_TRUE=''
am__fastdepCXX_FALSE='#'
am__fastdepCXX_TRUE=''
am__include='include'
am__isrc=''
am__leading_dot='.'
am__quote=''
am__tar='${AMTAR} chof - "$$tardir"'
am__untar='${AMTAR} xf -'
bindir='${exec_prefix}/bin'
build='i686-pc-linux-gnu'
build_alias=''
build_cpu='i686'
build_os='linux-gnu'
build_vendor='pc'
datadir='${datarootdir}'
datarootdir='${prefix}/share'
docdir='${datarootdir}/doc/${PACKAGE_TARNAME}'
dvidir='${docdir}'
exec_prefix='${prefix}'
host='i686-pc-linux-gnu'
host_alias=''
host_cpu='i686'
host_os='linux-gnu'
host_vendor='pc'
htmldir='${docdir}'
includedir='${prefix}/include'
infodir='${datarootdir}/info'
install_sh='${SHELL} /home/redbrain/workspace/gcc-dev/gcc-dev/libgpython/config/install-sh'
libdir='${exec_prefix}/lib'
libexecdir='${exec_prefix}/libexec'
localedir='${datarootdir}/locale'
localstatedir='${prefix}/var'
lt_ECHO='echo'
mandir='${datarootdir}/man'
mkdir_p='/bin/mkdir -p'
oldincludedir='/usr/include'
pdfdir='${docdir}'
prefix='/usr/local'
program_transform_name='s,x,x,'
psdir='${docdir}'
sbindir='${exec_prefix}/sbin'
sharedstatedir='${prefix}/com'
sysconfdir='${prefix}/etc'
target_alias=''

## ----------- ##
## confdefs.h. ##
## ----------- ##

/* confdefs.h */
#define PACKAGE_NAME "GNU Python Runtime Library"
#define PACKAGE_TARNAME "libgpy"
#define PACKAGE_VERSION "0.1"
#define PACKAGE_STRING "GNU Python Runtime Library 0.1"
#define PACKAGE_BUGREPORT ""
#define PACKAGE_URL "http://www.gnu.org/software/libgpy/"
#define STDC_HEADERS 1
#define HAVE_SYS_TYPES_H 1
#define HAVE_SYS_STAT_H 1
#define HAVE_STDLIB_H 1
#define HAVE_STRING_H 1
#define HAVE_MEMORY_H 1
#define HAVE_STRINGS_H 1
#define HAVE_INTTYPES_H 1
#define HAVE_STDINT_H 1
#define HAVE_UNISTD_H 1
#define HAVE_DLFCN_H 1
#define LT_OBJDIR ".libs/"
#define DEBUG 1
#define HAVE_LIBM 1
#define HAVE_LIBGMP 1
#define HAVE_LIBMPFR 1
#define SIZEOF_MP_LIMB_T 4
#define HAVE_VISIBILITY 1
#define PACKAGE "libgpy"
#define VERSION "0.1"
#define SIZEOF_LONG 4
#define SIZEOF_CHAR 1
#define SIZEOF_INT 4
#define SIZEOF_VOIDP 4
#define SIZEOF_SHORT 2
#define SIZEOF_DOUBLE 8
#define SIZEOF_FLOAT 4
#define SIZEOF_SIZE_T 4
#define SIZEOF_LONG_INT 4
#define SIZEOF_LONG_LONG 8
#define HAVE_SYS_WAIT_H 1
#define HAVE__BOOL 1
#define HAVE_STDBOOL_H 1
#define STDC_HEADERS 1
#define HAVE_STDLIB_H 1
#define HAVE_STRING_H 1
#define HAVE_STDARG_H 1
#define HAVE_UNISTD_H 1
#define HAVE_STDINT_H 1
#define HAVE_STDIO_H 1
#define HAVE_GETOPT_H 1
#define HAVE_ASSERT_H 1
#define HAVE_SYS_TYPES_H 1
#define HAVE_SIGNAL_H 1
#define HAVE_FCNTL_H 1
#define HAVE_PTHREAD_H 1
#define HAVE_SYS_WAIT_H 1
#define HAVE_GMP_H 1
#define HAVE_MPFR_H 1
#define HAVE_POPEN 1
#define HAVE_FOPEN 1
#define HAVE_FCLOSE 1
#define HAVE_SPRINTF 1
#define HAVE_FPRINTF 1
#define HAVE_STRDUP 1
#define HAVE_STRLEN 1
#define HAVE_STRCPY 1
#define HAVE_STRCMP 1
#define HAVE_GETOPT_LONG 1
#define HAVE_MEMCPY 1
#define HAVE_CALLOC 1
#define HAVE_SYSTEM 1
#define HAVE_SYSCONF 1
#define HAVE_ATOI 1
#define HAVE_GETPID 1
#define HAVE_EXECL 1
#define HAVE_FORK 1
#define HAVE_WAIT 1
#define HAVE_EXIT 1
#define HAVE_ATOF 1
#define HAVE_VFPRINTF 1
#define HAVE_MEMCMP 1
#define HAVE_GETC 1
#define HAVE_FGETS 1
#define HAVE_PIPE 1
#define HAVE_WAITPID 1
#define HAVE_FDOPEN 1
#define HAVE_STDLIB_H 1
#define HAVE_MALLOC 1
#define HAVE_UTIME_H 1
#define HAVE_UTIME_NULL 1
#define HAVE_VPRINTF 1

configure: exit 0

## ---------------------- ##
## Running config.status. ##
## ---------------------- ##

This file was extended by GNU Python Runtime Library config.status 0.1, which was
generated by GNU Autoconf 2.65.  Invocation command line was

  CONFIG_FILES    = 
  CONFIG_HEADERS  = 
  CONFIG_LINKS    = 
  CONFIG_COMMANDS = 
  $ ./config.status config.h

on omicron

config.status:1202: creating config.h
config.status:1374: config.h is unchanged
